[INFO] 18:00:22:352 SUSE/(15594:15598): Valor actual del semaforo afinado: 0
[INFO] 18:00:22:354 SUSE/(15594:15598): Valor actual del semaforo solo_hiper_mega_piola: 1
[INFO] 18:00:22:354 SUSE/(15594:15598): Grado actual de multiprogramacion: 15
[INFO] 18:01:32:355 SUSE/(15594:15598): Tiempo de ejecucion para el hilo 0 del programa 5: 68940
[INFO] 18:01:32:359 SUSE/(15594:15598): Tiempo de ejecucion para el hilo 1 del programa 5: 68938
[INFO] 18:01:32:359 SUSE/(15594:15598): Tiempo de espera para el hilo 0 del programa 5: 0
[INFO] 18:01:32:360 SUSE/(15594:15598): Tiempo de espera para el hilo 1 del programa 5: 4
[INFO] 18:01:32:360 SUSE/(15594:15598): Porcentaje del tiempo de ejecucion para el hilo 0 del programa 5: 50 %
[INFO] 18:01:32:360 SUSE/(15594:15598): Porcentaje del tiempo de ejecucion para el hilo 1 del programa 5: 49 %
[INFO] 18:01:32:360 SUSE/(15594:15598): Programa 5: 0 en new, 0 en ready, 1 en blocked, 1 en exec
[INFO] 18:01:32:361 SUSE/(15594:15598): Valor actual del semaforo afinado: 10
[INFO] 18:01:32:361 SUSE/(15594:15598): Valor actual del semaforo solo_hiper_mega_piola: 0
[INFO] 18:01:32:361 SUSE/(15594:15598): Grado actual de multiprogramacion: 15
[INFO] 18:01:35:25 SUSE/(15594:15596): Tiempo de ejecucion para el hilo 0 del programa 5: 71609
[INFO] 18:01:35:25 SUSE/(15594:15596): Tiempo de ejecucion para el hilo 1 del programa 5: 71605
[INFO] 18:01:35:26 SUSE/(15594:15596): Tiempo de espera para el hilo 0 del programa 5: 0
[INFO] 18:01:35:26 SUSE/(15594:15596): Tiempo de espera para el hilo 1 del programa 5: 4
[INFO] 18:01:35:26 SUSE/(15594:15596): Porcentaje del tiempo de ejecucion para el hilo 0 del programa 5: 50 %
[INFO] 18:01:35:26 SUSE/(15594:15596): Porcentaje del tiempo de ejecucion para el hilo 1 del programa 5: 49 %
[INFO] 18:01:35:26 SUSE/(15594:15596): Programa 5: 0 en new, 0 en ready, 1 en blocked, 1 en exec
[INFO] 18:01:35:27 SUSE/(15594:15596): Valor actual del semaforo afinado: 10
[INFO] 18:01:35:27 SUSE/(15594:15596): Valor actual del semaforo solo_hiper_mega_piola: 1
[INFO] 18:01:35:27 SUSE/(15594:15596): Grado actual de multiprogramacion: 15
[INFO] 18:01:35:73 SUSE/(15594:15596): Tiempo de ejecucion para el hilo 0 del programa 5: 71658
[INFO] 18:01:35:74 SUSE/(15594:15596): Tiempo de espera para el hilo 0 del programa 5: 37
[INFO] 18:01:35:74 SUSE/(15594:15596): Porcentaje del tiempo de ejecucion para el hilo 0 del programa 5: 100 %
[INFO] 18:01:35:74 SUSE/(15594:15596): Programa 5: 0 en new, 0 en ready, 0 en blocked, 1 en exec
[INFO] 18:01:35:75 SUSE/(15594:15596): Valor actual del semaforo afinado: 10
[INFO] 18:01:35:75 SUSE/(15594:15596): Valor actual del semaforo solo_hiper_mega_piola: 1
[INFO] 18:01:35:75 SUSE/(15594:15596): Grado actual de multiprogramacion: 15
[INFO] 20:47:17:249 SUSE/(20484:20494): Programa 5: 0 en new, 0 en ready, 0 en blocked, 0 en exec
[INFO] 20:47:17:249 SUSE/(20484:20494): Valor actual del semaforo afinado: 0
[INFO] 20:47:17:249 SUSE/(20484:20494): Valor actual del semaforo solo_hiper_mega_piola: 1
[INFO] 20:47:17:249 SUSE/(20484:20494): Grado actual de multiprogramacion: 15
[INFO] 20:48:32:679 SUSE/(20484:20494): Tiempo de ejecucion para el hilo 1 del programa 5: 40130
[INFO] 20:48:32:680 SUSE/(20484:20494): Tiempo de ejecucion para el hilo 2 del programa 5: 11492
[INFO] 20:48:32:680 SUSE/(20484:20494): Tiempo de ejecucion para el hilo 0 del programa 5: 74146
[INFO] 20:48:32:680 SUSE/(20484:20494): Tiempo de espera para el hilo 1 del programa 5: 0
[INFO] 20:48:32:680 SUSE/(20484:20494): Tiempo de espera para el hilo 2 del programa 5: 0
[INFO] 20:48:32:680 SUSE/(20484:20494): Tiempo de espera para el hilo 0 del programa 5: 0
[INFO] 20:48:32:680 SUSE/(20484:20494): Porcentaje del tiempo de ejecucion para el hilo 1 del programa 5: 31 %
[INFO] 20:48:32:680 SUSE/(20484:20494): Porcentaje del tiempo de ejecucion para el hilo 2 del programa 5: 9 %
[INFO] 20:48:32:681 SUSE/(20484:20494): Porcentaje del tiempo de ejecucion para el hilo 0 del programa 5: 58 %
[INFO] 20:48:32:681 SUSE/(20484:20494): Programa 5: 0 en new, 2 en ready, 0 en blocked, 1 en exec
[INFO] 20:48:32:681 SUSE/(20484:20494): Valor actual del semaforo afinado: 0
[INFO] 20:48:32:681 SUSE/(20484:20494): Valor actual del semaforo solo_hiper_mega_piola: 1
[INFO] 20:48:32:681 SUSE/(20484:20494): Grado actual de multiprogramacion: 15
[INFO] 10:36:11:763 SUSE/(6439:6442): Grado actual de multiprogramacion: 15
[INFO] 10:37:21:782 SUSE/(6439:6442): Grado actual de multiprogramacion: 15
[INFO] 10:39:00:289 SUSE/(6546:6549): Grado actual de multiprogramacion: 15
[INFO] 10:40:10:291 SUSE/(6546:6549): Grado actual de multiprogramacion: 15
[INFO] 10:41:20:291 SUSE/(6546:6549): Grado actual de multiprogramacion: 15
[INFO] 10:42:30:293 SUSE/(6546:6549): Grado actual de multiprogramacion: 15
[INFO] 10:43:40:294 SUSE/(6546:6549): Grado actual de multiprogramacion: 15
[INFO] 10:44:50:295 SUSE/(6546:6549): Grado actual de multiprogramacion: 15
[INFO] 10:46:00:296 SUSE/(6546:6549): Grado actual de multiprogramacion: 15
[INFO] 10:47:10:298 SUSE/(6546:6549): Grado actual de multiprogramacion: 15
[INFO] 10:48:20:299 SUSE/(6546:6549): Grado actual de multiprogramacion: 15
[INFO] 10:49:30:301 SUSE/(6546:6549): Grado actual de multiprogramacion: 15
[INFO] 10:50:40:302 SUSE/(6546:6549): Grado actual de multiprogramacion: 15
[INFO] 10:51:50:303 SUSE/(6546:6549): Grado actual de multiprogramacion: 15
