[INFO] 14:14:08:85 SUSE/(12499:12502): Se levanto un nuevo programa, pid: 5
[INFO] 14:14:09:238 SUSE/(12499:12503): El hilo 0 del programa 5 paso a Execute
[INFO] 14:14:09:255 SUSE/(12499:12502): El hilo 0 del programa 5 paso a New
[INFO] 14:14:09:291 SUSE/(12499:12502): El hilo 1 del programa 5 paso a New
[INFO] 14:14:09:306 SUSE/(12499:12503): El hilo 1 del programa 5 paso a Ready
[INFO] 14:14:09:370 SUSE/(12499:12502): El hilo 0 del programa 5 paso a Blocked
[INFO] 14:14:09:425 SUSE/(12499:12502): El hilo 1 del programa 5 paso a Execute
[INFO] 14:15:22:777 SUSE/(12499:12502): El hilo 1 del programa 5 paso a Exit
[INFO] 14:15:22:866 SUSE/(12499:12502): El hilo 0 del programa 5 paso a Ready
[INFO] 14:15:22:874 SUSE/(12499:12502): El hilo 0 del programa 5 paso a Execute
[INFO] 14:15:22:898 SUSE/(12499:12502): El hilo 0 del programa 5 paso a Exit
[INFO] 14:21:24:750 SUSE/(12771:12772): Se levanto un nuevo programa, pid: 5
[INFO] 14:21:24:910 SUSE/(12771:12773): El hilo 0 del programa 5 paso a Execute
[INFO] 14:21:24:924 SUSE/(12771:12772): El hilo 0 del programa 5 paso a New
[INFO] 14:21:24:957 SUSE/(12771:12773): El hilo 1 del programa 5 paso a Ready
[INFO] 14:21:24:966 SUSE/(12771:12772): El hilo 1 del programa 5 paso a New
[INFO] 14:21:25:11 SUSE/(12771:12772): El hilo 0 del programa 5 paso a Blocked
[INFO] 14:21:25:66 SUSE/(12771:12772): El hilo 1 del programa 5 paso a Execute
[INFO] 14:22:33:893 SUSE/(12771:12772): Se levanto un nuevo programa, pid: 7
[INFO] 14:22:33:938 SUSE/(12771:12773): El hilo 0 del programa 7 paso a Execute
[INFO] 14:22:33:948 SUSE/(12771:12772): El hilo 0 del programa 7 paso a New
[INFO] 14:22:33:980 SUSE/(12771:12772): El hilo 1 del programa 7 paso a New
[INFO] 14:22:33:985 SUSE/(12771:12773): El hilo 1 del programa 7 paso a Ready
[INFO] 14:22:33:995 SUSE/(12771:12772): El hilo 2 del programa 7 paso a New
[INFO] 14:22:33:1 SUSE/(12771:12772): El hilo 0 del programa 7 paso a Blocked
[INFO] 14:22:34:12 SUSE/(12771:12773): El hilo 2 del programa 7 paso a Ready
[INFO] 14:22:34:58 SUSE/(12771:12772): El hilo 1 del programa 7 paso a Execute
[INFO] 14:22:34:124 SUSE/(12771:12772): El hilo 1 del programa 7 paso a Ready
[INFO] 14:22:34:138 SUSE/(12771:12772): El hilo 2 del programa 7 paso a Execute
[INFO] 14:22:34:181 SUSE/(12771:12772): El hilo 2 del programa 7 paso a Ready
[INFO] 14:22:34:209 SUSE/(12771:12772): El hilo 1 del programa 7 paso a Execute
[INFO] 14:22:34:234 SUSE/(12771:12772): El hilo 1 del programa 7 paso a Ready
[INFO] 14:22:34:247 SUSE/(12771:12772): El hilo 2 del programa 7 paso a Execute
[INFO] 14:22:34:282 SUSE/(12771:12772): El hilo 2 del programa 7 paso a Ready
[INFO] 14:22:34:290 SUSE/(12771:12772): El hilo 1 del programa 7 paso a Execute
[INFO] 14:22:34:326 SUSE/(12771:12772): El hilo 1 del programa 7 paso a Ready
[INFO] 14:22:34:338 SUSE/(12771:12772): El hilo 2 del programa 7 paso a Execute
[INFO] 14:22:34:373 SUSE/(12771:12772): El hilo 2 del programa 7 paso a Ready
[INFO] 14:22:34:380 SUSE/(12771:12772): El hilo 1 del programa 7 paso a Execute
[INFO] 14:22:34:423 SUSE/(12771:12772): El hilo 1 del programa 7 paso a Ready
[INFO] 14:22:34:433 SUSE/(12771:12772): El hilo 2 del programa 7 paso a Execute
[INFO] 14:22:34:474 SUSE/(12771:12772): El hilo 2 del programa 7 paso a Ready
[INFO] 14:22:34:487 SUSE/(12771:12772): El hilo 1 del programa 7 paso a Execute
[INFO] 14:22:34:526 SUSE/(12771:12772): El hilo 1 del programa 7 paso a Ready
[INFO] 14:22:34:544 SUSE/(12771:12772): El hilo 2 del programa 7 paso a Execute
[INFO] 14:22:34:579 SUSE/(12771:12772): El hilo 2 del programa 7 paso a Ready
[INFO] 14:22:34:586 SUSE/(12771:12772): El hilo 1 del programa 7 paso a Execute
[INFO] 14:22:34:634 SUSE/(12771:12772): El hilo 1 del programa 7 paso a Ready
[INFO] 14:22:34:637 SUSE/(12771:12772): El hilo 2 del programa 7 paso a Execute
[INFO] 14:22:34:703 SUSE/(12771:12772): El hilo 2 del programa 7 paso a Ready
[INFO] 14:22:34:711 SUSE/(12771:12772): El hilo 1 del programa 7 paso a Execute
[INFO] 14:22:34:763 SUSE/(12771:12772): El hilo 1 del programa 7 paso a Ready
[INFO] 14:22:34:770 SUSE/(12771:12772): El hilo 2 del programa 7 paso a Execute
[INFO] 14:22:34:828 SUSE/(12771:12772): El hilo 2 del programa 7 paso a Ready
[INFO] 14:22:34:835 SUSE/(12771:12772): El hilo 1 del programa 7 paso a Execute
[INFO] 14:22:34:892 SUSE/(12771:12772): El hilo 1 del programa 7 paso a Ready
[INFO] 14:22:34:899 SUSE/(12771:12772): El hilo 2 del programa 7 paso a Execute
[INFO] 14:22:34:957 SUSE/(12771:12772): El hilo 2 del programa 7 paso a Ready
[INFO] 14:22:34:961 SUSE/(12771:12772): El hilo 1 del programa 7 paso a Execute
[INFO] 14:22:35:30 SUSE/(12771:12772): El hilo 1 del programa 7 paso a Ready
[INFO] 14:22:35:37 SUSE/(12771:12772): El hilo 2 del programa 7 paso a Execute
[INFO] 14:22:35:118 SUSE/(12771:12772): El hilo 2 del programa 7 paso a Ready
[INFO] 14:22:35:121 SUSE/(12771:12772): El hilo 1 del programa 7 paso a Execute
[INFO] 14:22:35:182 SUSE/(12771:12772): El hilo 1 del programa 7 paso a Ready
[INFO] 14:22:35:187 SUSE/(12771:12772): El hilo 2 del programa 7 paso a Execute
[INFO] 14:22:35:256 SUSE/(12771:12772): El hilo 2 del programa 7 paso a Ready
[INFO] 14:22:35:264 SUSE/(12771:12772): El hilo 1 del programa 7 paso a Execute
[INFO] 14:22:35:332 SUSE/(12771:12772): El hilo 1 del programa 7 paso a Ready
[INFO] 14:22:35:339 SUSE/(12771:12772): El hilo 2 del programa 7 paso a Execute
[INFO] 14:22:35:416 SUSE/(12771:12772): El hilo 2 del programa 7 paso a Ready
[INFO] 14:22:35:429 SUSE/(12771:12772): El hilo 1 del programa 7 paso a Execute
[INFO] 14:22:35:498 SUSE/(12771:12772): El hilo 1 del programa 7 paso a Ready
[INFO] 14:22:35:507 SUSE/(12771:12772): El hilo 2 del programa 7 paso a Execute
[INFO] 14:22:35:581 SUSE/(12771:12772): El hilo 2 del programa 7 paso a Ready
[INFO] 14:22:35:589 SUSE/(12771:12772): El hilo 1 del programa 7 paso a Execute
[INFO] 14:22:35:669 SUSE/(12771:12772): El hilo 1 del programa 7 paso a Ready
[INFO] 14:22:35:677 SUSE/(12771:12772): El hilo 2 del programa 7 paso a Execute
[INFO] 14:22:35:757 SUSE/(12771:12772): El hilo 2 del programa 7 paso a Ready
[INFO] 14:22:35:769 SUSE/(12771:12772): El hilo 1 del programa 7 paso a Execute
[INFO] 14:22:35:846 SUSE/(12771:12772): El hilo 1 del programa 7 paso a Ready
[INFO] 14:22:35:857 SUSE/(12771:12772): El hilo 2 del programa 7 paso a Execute
[INFO] 14:22:35:938 SUSE/(12771:12772): El hilo 2 del programa 7 paso a Ready
[INFO] 14:22:35:947 SUSE/(12771:12772): El hilo 1 del programa 7 paso a Execute
[INFO] 14:22:36:44 SUSE/(12771:12772): El hilo 1 del programa 7 paso a Ready
[INFO] 14:22:36:55 SUSE/(12771:12772): El hilo 2 del programa 7 paso a Execute
[INFO] 14:22:36:147 SUSE/(12771:12772): El hilo 2 del programa 7 paso a Ready
[INFO] 14:22:36:156 SUSE/(12771:12772): El hilo 1 del programa 7 paso a Execute
[INFO] 14:22:36:258 SUSE/(12771:12772): El hilo 1 del programa 7 paso a Ready
[INFO] 14:22:36:265 SUSE/(12771:12772): El hilo 2 del programa 7 paso a Execute
[INFO] 14:22:36:374 SUSE/(12771:12772): El hilo 2 del programa 7 paso a Ready
[INFO] 14:22:36:387 SUSE/(12771:12772): El hilo 1 del programa 7 paso a Execute
[INFO] 14:22:36:486 SUSE/(12771:12772): El hilo 1 del programa 7 paso a Ready
[INFO] 14:22:36:507 SUSE/(12771:12772): El hilo 2 del programa 7 paso a Execute
[INFO] 14:22:36:600 SUSE/(12771:12772): El hilo 2 del programa 7 paso a Ready
[INFO] 14:22:36:648 SUSE/(12771:12772): El hilo 1 del programa 7 paso a Execute
[INFO] 14:22:36:716 SUSE/(12771:12772): El hilo 1 del programa 7 paso a Ready
[INFO] 14:22:36:724 SUSE/(12771:12772): El hilo 2 del programa 7 paso a Execute
[INFO] 14:22:36:834 SUSE/(12771:12772): El hilo 2 del programa 7 paso a Ready
[INFO] 14:22:36:839 SUSE/(12771:12772): El hilo 1 del programa 7 paso a Execute
[INFO] 14:22:36:967 SUSE/(12771:12772): El hilo 1 del programa 7 paso a Ready
[INFO] 14:22:36:971 SUSE/(12771:12772): El hilo 2 del programa 7 paso a Execute
[INFO] 14:22:37:98 SUSE/(12771:12772): El hilo 2 del programa 7 paso a Ready
[INFO] 14:22:37:100 SUSE/(12771:12772): El hilo 1 del programa 7 paso a Execute
[INFO] 14:22:37:228 SUSE/(12771:12772): El hilo 1 del programa 7 paso a Ready
[INFO] 14:22:37:235 SUSE/(12771:12772): El hilo 2 del programa 7 paso a Execute
[INFO] 14:22:37:359 SUSE/(12771:12772): El hilo 2 del programa 7 paso a Ready
[INFO] 14:22:37:376 SUSE/(12771:12772): El hilo 1 del programa 7 paso a Execute
[INFO] 14:22:37:496 SUSE/(12771:12772): El hilo 1 del programa 7 paso a Ready
[INFO] 14:22:37:500 SUSE/(12771:12772): El hilo 2 del programa 7 paso a Execute
[INFO] 14:22:37:639 SUSE/(12771:12772): El hilo 2 del programa 7 paso a Ready
[INFO] 14:22:37:647 SUSE/(12771:12772): El hilo 1 del programa 7 paso a Execute
[INFO] 14:22:37:778 SUSE/(12771:12772): El hilo 1 del programa 7 paso a Ready
[INFO] 14:22:37:789 SUSE/(12771:12772): El hilo 2 del programa 7 paso a Execute
[INFO] 14:22:37:919 SUSE/(12771:12772): El hilo 2 del programa 7 paso a Ready
[INFO] 14:22:37:924 SUSE/(12771:12772): El hilo 1 del programa 7 paso a Execute
[INFO] 14:22:38:63 SUSE/(12771:12772): El hilo 1 del programa 7 paso a Ready
[INFO] 14:22:38:66 SUSE/(12771:12772): El hilo 2 del programa 7 paso a Execute
[INFO] 14:22:38:205 SUSE/(12771:12772): El hilo 2 del programa 7 paso a Ready
[INFO] 14:22:38:211 SUSE/(12771:12772): El hilo 1 del programa 7 paso a Execute
[INFO] 14:22:38:347 SUSE/(12771:12772): El hilo 1 del programa 7 paso a Ready
[INFO] 14:22:38:354 SUSE/(12771:12772): El hilo 2 del programa 7 paso a Execute
[INFO] 14:22:38:463 SUSE/(12771:12772): El hilo 1 del programa 5 paso a Exit
[INFO] 14:22:38:589 SUSE/(12771:12772): El hilo 0 del programa 5 paso a Ready
[INFO] 14:22:38:606 SUSE/(12771:12772): El hilo 2 del programa 7 paso a Ready
[INFO] 14:22:38:608 SUSE/(12771:12772): El hilo 1 del programa 7 paso a Execute
[INFO] 14:22:38:616 SUSE/(12771:12772): El hilo 0 del programa 5 paso a Execute
[INFO] 14:22:38:652 SUSE/(12771:12772): El hilo 0 del programa 5 paso a Exit
[INFO] 14:22:38:770 SUSE/(12771:12772): Se desconecto un programa, pid: 5
[INFO] 14:22:38:862 SUSE/(12771:12772): El hilo 1 del programa 7 paso a Ready
[INFO] 14:22:38:873 SUSE/(12771:12772): El hilo 2 del programa 7 paso a Execute
[INFO] 14:22:39:78 SUSE/(12771:12772): El hilo 2 del programa 7 paso a Ready
[INFO] 14:22:39:83 SUSE/(12771:12772): El hilo 1 del programa 7 paso a Execute
[INFO] 14:22:39:292 SUSE/(12771:12772): El hilo 1 del programa 7 paso a Ready
[INFO] 14:22:39:314 SUSE/(12771:12772): El hilo 2 del programa 7 paso a Execute
[INFO] 14:22:39:510 SUSE/(12771:12772): El hilo 2 del programa 7 paso a Ready
[INFO] 14:22:39:514 SUSE/(12771:12772): El hilo 1 del programa 7 paso a Execute
[INFO] 14:22:39:728 SUSE/(12771:12772): El hilo 1 del programa 7 paso a Ready
[INFO] 14:22:39:741 SUSE/(12771:12772): El hilo 2 del programa 7 paso a Execute
[INFO] 14:22:39:947 SUSE/(12771:12772): El hilo 2 del programa 7 paso a Ready
[INFO] 14:22:39:969 SUSE/(12771:12772): El hilo 1 del programa 7 paso a Execute
[INFO] 14:22:40:176 SUSE/(12771:12772): El hilo 1 del programa 7 paso a Ready
[INFO] 14:22:40:203 SUSE/(12771:12772): El hilo 2 del programa 7 paso a Execute
[INFO] 14:22:40:402 SUSE/(12771:12772): El hilo 2 del programa 7 paso a Ready
[INFO] 14:22:40:410 SUSE/(12771:12772): El hilo 1 del programa 7 paso a Execute
[INFO] 14:22:40:631 SUSE/(12771:12772): El hilo 1 del programa 7 paso a Ready
[INFO] 14:22:40:643 SUSE/(12771:12772): El hilo 2 del programa 7 paso a Execute
[INFO] 14:22:40:863 SUSE/(12771:12772): El hilo 2 del programa 7 paso a Ready
[INFO] 14:22:40:902 SUSE/(12771:12772): El hilo 1 del programa 7 paso a Execute
[INFO] 14:22:41:108 SUSE/(12771:12772): El hilo 1 del programa 7 paso a Ready
[INFO] 14:22:41:117 SUSE/(12771:12772): El hilo 2 del programa 7 paso a Execute
[INFO] 14:22:41:341 SUSE/(12771:12772): El hilo 2 del programa 7 paso a Ready
[INFO] 14:22:41:351 SUSE/(12771:12772): El hilo 1 del programa 7 paso a Execute
[INFO] 14:22:41:577 SUSE/(12771:12772): El hilo 1 del programa 7 paso a Ready
[INFO] 14:22:41:630 SUSE/(12771:12772): El hilo 2 del programa 7 paso a Execute
[INFO] 14:22:41:849 SUSE/(12771:12772): El hilo 2 del programa 7 paso a Ready
[INFO] 14:22:41:860 SUSE/(12771:12772): El hilo 1 del programa 7 paso a Execute
[INFO] 14:22:42:79 SUSE/(12771:12772): El hilo 1 del programa 7 paso a Ready
[INFO] 14:22:42:82 SUSE/(12771:12772): El hilo 2 del programa 7 paso a Execute
[INFO] 14:22:42:324 SUSE/(12771:12772): El hilo 2 del programa 7 paso a Ready
[INFO] 14:22:42:333 SUSE/(12771:12772): El hilo 1 del programa 7 paso a Execute
[INFO] 14:22:42:573 SUSE/(12771:12772): El hilo 1 del programa 7 paso a Ready
[INFO] 14:22:42:579 SUSE/(12771:12772): El hilo 2 del programa 7 paso a Execute
[INFO] 14:22:42:826 SUSE/(12771:12772): El hilo 2 del programa 7 paso a Ready
[INFO] 14:22:42:846 SUSE/(12771:12772): El hilo 1 del programa 7 paso a Execute
[INFO] 14:22:43:80 SUSE/(12771:12772): El hilo 1 del programa 7 paso a Ready
[INFO] 14:22:43:91 SUSE/(12771:12772): El hilo 2 del programa 7 paso a Execute
[INFO] 14:22:43:335 SUSE/(12771:12772): El hilo 2 del programa 7 paso a Ready
[INFO] 14:22:43:352 SUSE/(12771:12772): El hilo 1 del programa 7 paso a Execute
[INFO] 14:22:43:591 SUSE/(12771:12772): El hilo 1 del programa 7 paso a Ready
[INFO] 14:22:43:595 SUSE/(12771:12772): El hilo 2 del programa 7 paso a Execute
[INFO] 14:22:43:846 SUSE/(12771:12772): El hilo 2 del programa 7 paso a Ready
[INFO] 14:22:43:878 SUSE/(12771:12772): El hilo 1 del programa 7 paso a Execute
[INFO] 14:22:44:101 SUSE/(12771:12772): El hilo 1 del programa 7 paso a Ready
[INFO] 14:22:44:112 SUSE/(12771:12772): El hilo 2 del programa 7 paso a Execute
[INFO] 14:22:44:358 SUSE/(12771:12772): El hilo 2 del programa 7 paso a Ready
[INFO] 14:22:44:380 SUSE/(12771:12772): El hilo 1 del programa 7 paso a Execute
[INFO] 14:22:44:618 SUSE/(12771:12772): El hilo 1 del programa 7 paso a Ready
[INFO] 14:22:44:630 SUSE/(12771:12772): El hilo 2 del programa 7 paso a Execute
[INFO] 14:22:44:887 SUSE/(12771:12772): El hilo 2 del programa 7 paso a Ready
[INFO] 14:22:44:897 SUSE/(12771:12772): El hilo 1 del programa 7 paso a Execute
[INFO] 14:22:45:156 SUSE/(12771:12772): El hilo 1 del programa 7 paso a Ready
[INFO] 14:22:45:186 SUSE/(12771:12772): El hilo 2 del programa 7 paso a Execute
[INFO] 14:22:45:431 SUSE/(12771:12772): El hilo 2 del programa 7 paso a Ready
[INFO] 14:22:45:442 SUSE/(12771:12772): El hilo 1 del programa 7 paso a Execute
[INFO] 14:22:45:707 SUSE/(12771:12772): El hilo 1 del programa 7 paso a Ready
[INFO] 14:22:45:735 SUSE/(12771:12772): El hilo 2 del programa 7 paso a Execute
[INFO] 14:22:45:992 SUSE/(12771:12772): El hilo 2 del programa 7 paso a Ready
[INFO] 14:22:45:997 SUSE/(12771:12772): El hilo 1 del programa 7 paso a Execute
[INFO] 14:22:46:275 SUSE/(12771:12772): El hilo 1 del programa 7 paso a Ready
[INFO] 14:22:46:291 SUSE/(12771:12772): El hilo 2 del programa 7 paso a Execute
[INFO] 14:22:46:563 SUSE/(12771:12772): El hilo 2 del programa 7 paso a Ready
[INFO] 14:22:46:597 SUSE/(12771:12772): El hilo 1 del programa 7 paso a Execute
[INFO] 14:22:46:852 SUSE/(12771:12772): El hilo 1 del programa 7 paso a Ready
[INFO] 14:22:46:861 SUSE/(12771:12772): El hilo 2 del programa 7 paso a Execute
[INFO] 14:22:47:142 SUSE/(12771:12772): El hilo 2 del programa 7 paso a Ready
[INFO] 14:22:47:152 SUSE/(12771:12772): El hilo 1 del programa 7 paso a Execute
[INFO] 14:22:47:440 SUSE/(12771:12772): El hilo 1 del programa 7 paso a Ready
[INFO] 14:22:47:476 SUSE/(12771:12772): El hilo 2 del programa 7 paso a Execute
[INFO] 14:22:47:751 SUSE/(12771:12772): El hilo 2 del programa 7 paso a Ready
[INFO] 14:22:47:766 SUSE/(12771:12772): El hilo 1 del programa 7 paso a Execute
[INFO] 14:22:48:58 SUSE/(12771:12772): El hilo 1 del programa 7 paso a Ready
[INFO] 14:22:48:62 SUSE/(12771:12772): El hilo 2 del programa 7 paso a Execute
[INFO] 14:22:48:364 SUSE/(12771:12772): El hilo 2 del programa 7 paso a Ready
[INFO] 14:22:48:391 SUSE/(12771:12772): El hilo 1 del programa 7 paso a Execute
[INFO] 14:22:48:679 SUSE/(12771:12772): El hilo 1 del programa 7 paso a Ready
[INFO] 14:22:48:696 SUSE/(12771:12772): El hilo 2 del programa 7 paso a Execute
[INFO] 14:22:48:0 SUSE/(12771:12772): El hilo 2 del programa 7 paso a Ready
[INFO] 14:22:49:25 SUSE/(12771:12772): El hilo 1 del programa 7 paso a Execute
[INFO] 14:22:49:328 SUSE/(12771:12772): El hilo 1 del programa 7 paso a Ready
[INFO] 14:22:49:356 SUSE/(12771:12772): El hilo 2 del programa 7 paso a Execute
[INFO] 14:22:49:652 SUSE/(12771:12772): El hilo 2 del programa 7 paso a Ready
[INFO] 14:22:49:677 SUSE/(12771:12772): El hilo 1 del programa 7 paso a Execute
[INFO] 14:22:49:978 SUSE/(12771:12772): El hilo 1 del programa 7 paso a Ready
[INFO] 14:22:49:4 SUSE/(12771:12772): El hilo 2 del programa 7 paso a Execute
[INFO] 14:22:50:302 SUSE/(12771:12772): El hilo 2 del programa 7 paso a Ready
[INFO] 14:22:50:314 SUSE/(12771:12772): El hilo 1 del programa 7 paso a Execute
[INFO] 14:22:50:632 SUSE/(12771:12772): El hilo 1 del programa 7 paso a Ready
[INFO] 14:22:50:655 SUSE/(12771:12772): El hilo 2 del programa 7 paso a Execute
[INFO] 14:22:50:963 SUSE/(12771:12772): El hilo 2 del programa 7 paso a Ready
[INFO] 14:22:50:994 SUSE/(12771:12772): El hilo 1 del programa 7 paso a Execute
[INFO] 14:22:51:294 SUSE/(12771:12772): El hilo 1 del programa 7 paso a Ready
[INFO] 14:22:51:323 SUSE/(12771:12772): El hilo 2 del programa 7 paso a Execute
[INFO] 14:22:51:646 SUSE/(12771:12772): El hilo 2 del programa 7 paso a Ready
[INFO] 14:22:51:654 SUSE/(12771:12772): El hilo 1 del programa 7 paso a Execute
[INFO] 14:22:51:986 SUSE/(12771:12772): El hilo 1 del programa 7 paso a Ready
[INFO] 14:22:51:0 SUSE/(12771:12772): El hilo 2 del programa 7 paso a Execute
[INFO] 14:22:52:339 SUSE/(12771:12772): El hilo 2 del programa 7 paso a Ready
[INFO] 14:22:52:351 SUSE/(12771:12772): El hilo 1 del programa 7 paso a Execute
[INFO] 14:22:52:689 SUSE/(12771:12772): El hilo 1 del programa 7 paso a Ready
[INFO] 14:22:52:700 SUSE/(12771:12772): El hilo 2 del programa 7 paso a Execute
[INFO] 14:22:53:42 SUSE/(12771:12772): El hilo 2 del programa 7 paso a Ready
[INFO] 14:22:53:78 SUSE/(12771:12772): El hilo 1 del programa 7 paso a Execute
[INFO] 14:22:53:394 SUSE/(12771:12772): El hilo 1 del programa 7 paso a Ready
[INFO] 14:22:53:422 SUSE/(12771:12772): El hilo 2 del programa 7 paso a Execute
[INFO] 14:22:53:755 SUSE/(12771:12772): El hilo 2 del programa 7 paso a Ready
[INFO] 14:22:53:775 SUSE/(12771:12772): El hilo 1 del programa 7 paso a Execute
[INFO] 14:22:54:118 SUSE/(12771:12772): El hilo 1 del programa 7 paso a Ready
[INFO] 14:22:54:135 SUSE/(12771:12772): El hilo 2 del programa 7 paso a Execute
[INFO] 14:22:54:477 SUSE/(12771:12772): El hilo 2 del programa 7 paso a Ready
[INFO] 14:22:54:486 SUSE/(12771:12772): El hilo 1 del programa 7 paso a Execute
[INFO] 14:22:54:837 SUSE/(12771:12772): El hilo 1 del programa 7 paso a Ready
[INFO] 14:22:54:868 SUSE/(12771:12772): El hilo 2 del programa 7 paso a Execute
[INFO] 14:22:55:198 SUSE/(12771:12772): El hilo 2 del programa 7 paso a Ready
[INFO] 14:22:55:221 SUSE/(12771:12772): El hilo 1 del programa 7 paso a Execute
[INFO] 14:22:55:557 SUSE/(12771:12772): El hilo 1 del programa 7 paso a Ready
[INFO] 14:22:55:580 SUSE/(12771:12772): El hilo 2 del programa 7 paso a Execute
[INFO] 14:22:55:920 SUSE/(12771:12772): El hilo 2 del programa 7 paso a Ready
[INFO] 14:22:55:930 SUSE/(12771:12772): El hilo 1 del programa 7 paso a Execute
[INFO] 14:22:56:290 SUSE/(12771:12772): El hilo 1 del programa 7 paso a Ready
[INFO] 14:22:56:326 SUSE/(12771:12772): El hilo 2 del programa 7 paso a Execute
[INFO] 14:22:56:657 SUSE/(12771:12772): El hilo 2 del programa 7 paso a Ready
[INFO] 14:22:56:678 SUSE/(12771:12772): El hilo 1 del programa 7 paso a Execute
[INFO] 14:22:57:28 SUSE/(12771:12772): El hilo 1 del programa 7 paso a Ready
[INFO] 14:22:57:71 SUSE/(12771:12772): El hilo 2 del programa 7 paso a Execute
[INFO] 14:22:57:266 SUSE/(12771:12772): Se levanto un nuevo programa, pid: 5
[INFO] 14:22:57:300 SUSE/(12771:12773): El hilo 0 del programa 5 paso a Execute
[INFO] 14:22:57:319 SUSE/(12771:12772): El hilo 0 del programa 5 paso a New
[INFO] 14:22:57:337 SUSE/(12771:12773): El hilo 1 del programa 5 paso a Ready
[INFO] 14:22:57:355 SUSE/(12771:12772): El hilo 1 del programa 5 paso a New
[INFO] 14:22:57:377 SUSE/(12771:12773): El hilo 2 del programa 5 paso a Ready
[INFO] 14:22:57:380 SUSE/(12771:12772): El hilo 2 del programa 5 paso a New
[INFO] 14:22:57:399 SUSE/(12771:12772): El hilo 0 del programa 5 paso a Blocked
[INFO] 14:22:57:411 SUSE/(12771:12772): El hilo 1 del programa 5 paso a Execute
[INFO] 14:22:57:472 SUSE/(12771:12772): El hilo 1 del programa 5 paso a Ready
[INFO] 14:22:57:474 SUSE/(12771:12772): El hilo 2 del programa 5 paso a Execute
[INFO] 14:22:57:524 SUSE/(12771:12772): El hilo 2 del programa 5 paso a Ready
[INFO] 14:22:57:527 SUSE/(12771:12772): El hilo 1 del programa 5 paso a Execute
[INFO] 14:22:57:575 SUSE/(12771:12772): El hilo 1 del programa 5 paso a Ready
[INFO] 14:22:57:582 SUSE/(12771:12772): El hilo 2 del programa 5 paso a Execute
[INFO] 14:22:57:635 SUSE/(12771:12772): El hilo 2 del programa 5 paso a Ready
[INFO] 14:22:57:642 SUSE/(12771:12772): El hilo 1 del programa 5 paso a Execute
[INFO] 14:22:57:696 SUSE/(12771:12772): El hilo 1 del programa 5 paso a Ready
[INFO] 14:22:57:703 SUSE/(12771:12772): El hilo 2 del programa 5 paso a Execute
[INFO] 14:22:57:757 SUSE/(12771:12772): El hilo 2 del programa 5 paso a Ready
[INFO] 14:22:57:767 SUSE/(12771:12772): El hilo 1 del programa 5 paso a Execute
[INFO] 14:22:57:823 SUSE/(12771:12772): El hilo 1 del programa 5 paso a Ready
[INFO] 14:22:57:827 SUSE/(12771:12772): El hilo 2 del programa 5 paso a Execute
[INFO] 14:22:57:890 SUSE/(12771:12772): El hilo 2 del programa 5 paso a Ready
[INFO] 14:22:57:900 SUSE/(12771:12772): El hilo 1 del programa 5 paso a Execute
[INFO] 14:22:57:962 SUSE/(12771:12772): El hilo 1 del programa 5 paso a Ready
[INFO] 14:22:57:971 SUSE/(12771:12772): El hilo 2 del programa 5 paso a Execute
[INFO] 14:22:58:46 SUSE/(12771:12772): El hilo 2 del programa 5 paso a Ready
[INFO] 14:22:58:55 SUSE/(12771:12772): El hilo 1 del programa 5 paso a Execute
[INFO] 14:22:58:134 SUSE/(12771:12772): El hilo 1 del programa 5 paso a Ready
[INFO] 14:22:58:152 SUSE/(12771:12772): El hilo 2 del programa 5 paso a Execute
[INFO] 14:22:58:223 SUSE/(12771:12772): El hilo 2 del programa 5 paso a Ready
[INFO] 14:22:58:232 SUSE/(12771:12772): El hilo 1 del programa 5 paso a Execute
[INFO] 14:22:58:313 SUSE/(12771:12772): El hilo 1 del programa 5 paso a Ready
[INFO] 14:22:58:320 SUSE/(12771:12772): El hilo 2 del programa 5 paso a Execute
[INFO] 14:22:58:408 SUSE/(12771:12772): El hilo 2 del programa 5 paso a Ready
[INFO] 14:22:58:424 SUSE/(12771:12772): El hilo 1 del programa 5 paso a Execute
[INFO] 14:22:58:517 SUSE/(12771:12772): El hilo 1 del programa 5 paso a Ready
[INFO] 14:22:58:526 SUSE/(12771:12772): El hilo 2 del programa 5 paso a Execute
[INFO] 14:22:58:624 SUSE/(12771:12772): El hilo 2 del programa 5 paso a Ready
[INFO] 14:22:58:626 SUSE/(12771:12772): El hilo 1 del programa 5 paso a Execute
[INFO] 14:22:58:733 SUSE/(12771:12772): El hilo 1 del programa 5 paso a Ready
[INFO] 14:22:58:735 SUSE/(12771:12772): El hilo 2 del programa 5 paso a Execute
[INFO] 14:22:58:848 SUSE/(12771:12772): El hilo 2 del programa 5 paso a Ready
[INFO] 14:22:58:855 SUSE/(12771:12772): El hilo 1 del programa 5 paso a Execute
[INFO] 14:22:58:963 SUSE/(12771:12772): El hilo 1 del programa 5 paso a Ready
[INFO] 14:22:58:970 SUSE/(12771:12772): El hilo 2 del programa 5 paso a Execute
[INFO] 14:22:59:76 SUSE/(12771:12772): El hilo 2 del programa 5 paso a Ready
[INFO] 14:22:59:83 SUSE/(12771:12772): El hilo 1 del programa 5 paso a Execute
[INFO] 14:22:59:195 SUSE/(12771:12772): El hilo 1 del programa 5 paso a Ready
[INFO] 14:22:59:203 SUSE/(12771:12772): El hilo 2 del programa 5 paso a Execute
[INFO] 14:22:59:328 SUSE/(12771:12772): El hilo 2 del programa 5 paso a Ready
[INFO] 14:22:59:335 SUSE/(12771:12772): El hilo 1 del programa 5 paso a Execute
[INFO] 14:22:59:450 SUSE/(12771:12772): El hilo 1 del programa 5 paso a Ready
[INFO] 14:22:59:455 SUSE/(12771:12772): El hilo 2 del programa 5 paso a Execute
[INFO] 14:22:59:586 SUSE/(12771:12772): El hilo 2 del programa 5 paso a Ready
[INFO] 14:22:59:609 SUSE/(12771:12772): El hilo 1 del programa 5 paso a Execute
[INFO] 14:22:59:710 SUSE/(12771:12772): El hilo 1 del programa 5 paso a Ready
[INFO] 14:22:59:720 SUSE/(12771:12772): El hilo 2 del programa 5 paso a Execute
[INFO] 14:22:59:847 SUSE/(12771:12772): El hilo 2 del programa 5 paso a Ready
[INFO] 14:22:59:851 SUSE/(12771:12772): El hilo 1 del programa 5 paso a Execute
[INFO] 14:22:59:988 SUSE/(12771:12772): El hilo 1 del programa 5 paso a Ready
[INFO] 14:23:00:18 SUSE/(12771:12772): El hilo 2 del programa 5 paso a Execute
[INFO] 14:23:00:122 SUSE/(12771:12772): El hilo 2 del programa 5 paso a Ready
[INFO] 14:23:00:134 SUSE/(12771:12772): El hilo 1 del programa 5 paso a Execute
[INFO] 14:23:00:263 SUSE/(12771:12772): El hilo 1 del programa 5 paso a Ready
[INFO] 14:23:00:265 SUSE/(12771:12772): El hilo 2 del programa 5 paso a Execute
[INFO] 14:23:00:408 SUSE/(12771:12772): El hilo 2 del programa 5 paso a Ready
[INFO] 14:23:00:414 SUSE/(12771:12772): El hilo 1 del programa 5 paso a Execute
[INFO] 14:23:00:556 SUSE/(12771:12772): El hilo 1 del programa 5 paso a Ready
[INFO] 14:23:00:563 SUSE/(12771:12772): El hilo 2 del programa 5 paso a Execute
[INFO] 14:23:00:709 SUSE/(12771:12772): El hilo 2 del programa 5 paso a Ready
[INFO] 14:23:00:715 SUSE/(12771:12772): El hilo 1 del programa 5 paso a Execute
[INFO] 14:23:00:861 SUSE/(12771:12772): El hilo 1 del programa 5 paso a Ready
[INFO] 14:23:00:867 SUSE/(12771:12772): El hilo 2 del programa 5 paso a Execute
[INFO] 14:23:01:15 SUSE/(12771:12772): El hilo 2 del programa 5 paso a Ready
[INFO] 14:23:01:23 SUSE/(12771:12772): El hilo 1 del programa 5 paso a Execute
[INFO] 14:23:01:175 SUSE/(12771:12772): El hilo 1 del programa 5 paso a Ready
[INFO] 14:23:01:177 SUSE/(12771:12772): El hilo 2 del programa 5 paso a Execute
[INFO] 14:23:01:335 SUSE/(12771:12772): El hilo 2 del programa 5 paso a Ready
[INFO] 14:23:01:343 SUSE/(12771:12772): El hilo 1 del programa 5 paso a Execute
[INFO] 14:23:01:504 SUSE/(12771:12772): El hilo 1 del programa 5 paso a Ready
[INFO] 14:23:01:519 SUSE/(12771:12772): El hilo 2 del programa 5 paso a Execute
[INFO] 14:23:01:667 SUSE/(12771:12772): El hilo 2 del programa 5 paso a Ready
[INFO] 14:23:01:683 SUSE/(12771:12772): El hilo 1 del programa 5 paso a Execute
[INFO] 14:23:01:836 SUSE/(12771:12772): El hilo 1 del programa 5 paso a Ready
[INFO] 14:23:01:842 SUSE/(12771:12772): El hilo 2 del programa 5 paso a Execute
[INFO] 14:23:02:18 SUSE/(12771:12772): El hilo 2 del programa 5 paso a Ready
[INFO] 14:23:02:27 SUSE/(12771:12772): El hilo 1 del programa 5 paso a Execute
[INFO] 14:23:02:207 SUSE/(12771:12772): El hilo 1 del programa 5 paso a Ready
[INFO] 14:23:02:221 SUSE/(12771:12772): El hilo 2 del programa 5 paso a Execute
[INFO] 14:23:02:399 SUSE/(12771:12772): El hilo 2 del programa 5 paso a Ready
[INFO] 14:23:02:402 SUSE/(12771:12772): El hilo 1 del programa 5 paso a Execute
[INFO] 14:23:02:588 SUSE/(12771:12772): El hilo 1 del programa 5 paso a Ready
[INFO] 14:23:02:594 SUSE/(12771:12772): El hilo 2 del programa 5 paso a Execute
[INFO] 14:23:02:779 SUSE/(12771:12772): El hilo 2 del programa 5 paso a Ready
[INFO] 14:23:02:784 SUSE/(12771:12772): El hilo 1 del programa 5 paso a Execute
[INFO] 14:23:02:976 SUSE/(12771:12772): El hilo 1 del programa 5 paso a Ready
[INFO] 14:23:02:983 SUSE/(12771:12772): El hilo 2 del programa 5 paso a Execute
[INFO] 14:23:03:171 SUSE/(12771:12772): El hilo 2 del programa 5 paso a Ready
[INFO] 14:23:03:174 SUSE/(12771:12772): El hilo 1 del programa 5 paso a Execute
[INFO] 14:23:03:374 SUSE/(12771:12772): El hilo 1 del programa 5 paso a Ready
[INFO] 14:23:03:400 SUSE/(12771:12772): El hilo 2 del programa 5 paso a Execute
[INFO] 14:23:03:596 SUSE/(12771:12772): El hilo 2 del programa 5 paso a Ready
[INFO] 14:23:03:602 SUSE/(12771:12772): El hilo 1 del programa 5 paso a Execute
[INFO] 14:23:03:814 SUSE/(12771:12772): El hilo 1 del programa 5 paso a Ready
[INFO] 14:23:03:824 SUSE/(12771:12772): El hilo 2 del programa 5 paso a Execute
[INFO] 14:23:04:38 SUSE/(12771:12772): El hilo 2 del programa 5 paso a Ready
[INFO] 14:23:04:59 SUSE/(12771:12772): El hilo 1 del programa 5 paso a Execute
[INFO] 14:23:04:260 SUSE/(12771:12772): El hilo 1 del programa 5 paso a Ready
[INFO] 14:23:04:269 SUSE/(12771:12772): El hilo 2 del programa 5 paso a Execute
[INFO] 14:23:04:483 SUSE/(12771:12772): El hilo 2 del programa 5 paso a Ready
[INFO] 14:23:04:489 SUSE/(12771:12772): El hilo 1 del programa 5 paso a Execute
[INFO] 14:23:04:715 SUSE/(12771:12772): El hilo 1 del programa 5 paso a Ready
[INFO] 14:23:04:723 SUSE/(12771:12772): El hilo 2 del programa 5 paso a Execute
[INFO] 14:23:04:952 SUSE/(12771:12772): El hilo 2 del programa 5 paso a Ready
[INFO] 14:23:04:959 SUSE/(12771:12772): El hilo 1 del programa 5 paso a Execute
[INFO] 14:23:05:185 SUSE/(12771:12772): El hilo 1 del programa 5 paso a Ready
[INFO] 14:23:05:191 SUSE/(12771:12772): El hilo 2 del programa 5 paso a Execute
[INFO] 14:23:05:418 SUSE/(12771:12772): El hilo 2 del programa 5 paso a Ready
[INFO] 14:23:05:426 SUSE/(12771:12772): El hilo 1 del programa 5 paso a Execute
[INFO] 14:23:05:654 SUSE/(12771:12772): El hilo 1 del programa 5 paso a Ready
[INFO] 14:23:05:661 SUSE/(12771:12772): El hilo 2 del programa 5 paso a Execute
[INFO] 14:23:05:891 SUSE/(12771:12772): El hilo 2 del programa 5 paso a Ready
[INFO] 14:23:05:898 SUSE/(12771:12772): El hilo 1 del programa 5 paso a Execute
[INFO] 14:23:06:131 SUSE/(12771:12772): El hilo 1 del programa 5 paso a Ready
[INFO] 14:23:06:139 SUSE/(12771:12772): El hilo 2 del programa 5 paso a Execute
[INFO] 14:23:06:380 SUSE/(12771:12772): El hilo 2 del programa 5 paso a Ready
[INFO] 14:23:06:388 SUSE/(12771:12772): El hilo 1 del programa 5 paso a Execute
[INFO] 14:23:06:631 SUSE/(12771:12772): El hilo 1 del programa 5 paso a Ready
[INFO] 14:23:06:647 SUSE/(12771:12772): El hilo 2 del programa 5 paso a Execute
[INFO] 14:23:06:890 SUSE/(12771:12772): El hilo 2 del programa 5 paso a Ready
[INFO] 14:23:06:893 SUSE/(12771:12772): El hilo 1 del programa 5 paso a Execute
[INFO] 14:23:07:145 SUSE/(12771:12772): El hilo 1 del programa 5 paso a Ready
[INFO] 14:23:07:148 SUSE/(12771:12772): El hilo 2 del programa 5 paso a Execute
[INFO] 14:23:07:412 SUSE/(12771:12772): El hilo 2 del programa 5 paso a Ready
[INFO] 14:23:07:427 SUSE/(12771:12772): El hilo 1 del programa 5 paso a Execute
[INFO] 14:23:07:691 SUSE/(12771:12772): El hilo 1 del programa 5 paso a Ready
[INFO] 14:23:07:727 SUSE/(12771:12772): El hilo 2 del programa 5 paso a Execute
[INFO] 14:23:07:970 SUSE/(12771:12772): El hilo 2 del programa 5 paso a Ready
[INFO] 14:23:07:988 SUSE/(12771:12772): El hilo 1 del programa 5 paso a Execute
[INFO] 14:23:08:247 SUSE/(12771:12772): El hilo 1 del programa 5 paso a Ready
[INFO] 14:23:08:255 SUSE/(12771:12772): El hilo 2 del programa 5 paso a Execute
[INFO] 14:23:08:532 SUSE/(12771:12772): El hilo 2 del programa 5 paso a Ready
[INFO] 14:23:08:549 SUSE/(12771:12772): El hilo 1 del programa 5 paso a Execute
[INFO] 14:23:08:820 SUSE/(12771:12772): El hilo 1 del programa 5 paso a Ready
[INFO] 14:23:08:823 SUSE/(12771:12772): El hilo 2 del programa 5 paso a Execute
[INFO] 14:23:09:122 SUSE/(12771:12772): El hilo 2 del programa 5 paso a Ready
[INFO] 14:23:09:131 SUSE/(12771:12772): El hilo 1 del programa 5 paso a Execute
[INFO] 14:23:09:422 SUSE/(12771:12772): El hilo 1 del programa 5 paso a Ready
[INFO] 14:23:09:438 SUSE/(12771:12772): El hilo 2 del programa 5 paso a Execute
[INFO] 14:23:09:722 SUSE/(12771:12772): El hilo 2 del programa 5 paso a Ready
[INFO] 14:23:09:755 SUSE/(12771:12772): El hilo 1 del programa 5 paso a Execute
[INFO] 14:23:10:28 SUSE/(12771:12772): El hilo 1 del programa 5 paso a Ready
[INFO] 14:23:10:38 SUSE/(12771:12772): El hilo 2 del programa 5 paso a Execute
[INFO] 14:23:10:333 SUSE/(12771:12772): El hilo 2 del programa 5 paso a Ready
[INFO] 14:23:10:344 SUSE/(12771:12772): El hilo 1 del programa 5 paso a Execute
[INFO] 14:23:10:664 SUSE/(12771:12772): El hilo 1 del programa 5 paso a Ready
[INFO] 14:23:10:680 SUSE/(12771:12772): El hilo 2 del programa 5 paso a Execute
[INFO] 14:23:10:976 SUSE/(12771:12772): El hilo 2 del programa 5 paso a Ready
[INFO] 14:23:10:985 SUSE/(12771:12772): El hilo 1 del programa 5 paso a Execute
[INFO] 14:23:11:289 SUSE/(12771:12772): El hilo 1 del programa 5 paso a Ready
[INFO] 14:23:11:297 SUSE/(12771:12772): El hilo 2 del programa 5 paso a Execute
[INFO] 14:23:11:608 SUSE/(12771:12772): El hilo 2 del programa 5 paso a Ready
[INFO] 14:23:11:624 SUSE/(12771:12772): El hilo 1 del programa 5 paso a Execute
[INFO] 14:23:11:936 SUSE/(12771:12772): El hilo 1 del programa 5 paso a Ready
[INFO] 14:23:11:960 SUSE/(12771:12772): El hilo 2 del programa 5 paso a Execute
[INFO] 14:23:12:270 SUSE/(12771:12772): El hilo 2 del programa 5 paso a Ready
[INFO] 14:23:12:284 SUSE/(12771:12772): El hilo 1 del programa 5 paso a Execute
[INFO] 14:23:12:595 SUSE/(12771:12772): El hilo 1 del programa 5 paso a Ready
[INFO] 14:23:12:609 SUSE/(12771:12772): El hilo 2 del programa 5 paso a Execute
[INFO] 14:23:12:926 SUSE/(12771:12772): El hilo 2 del programa 5 paso a Ready
[INFO] 14:23:12:936 SUSE/(12771:12772): El hilo 1 del programa 5 paso a Execute
[INFO] 14:23:13:273 SUSE/(12771:12772): El hilo 1 del programa 5 paso a Ready
[INFO] 14:23:13:279 SUSE/(12771:12772): El hilo 2 del programa 5 paso a Execute
[INFO] 14:23:13:614 SUSE/(12771:12772): El hilo 2 del programa 5 paso a Ready
[INFO] 14:23:13:647 SUSE/(12771:12772): El hilo 1 del programa 5 paso a Execute
[INFO] 14:23:13:962 SUSE/(12771:12772): El hilo 1 del programa 5 paso a Ready
[INFO] 14:23:13:970 SUSE/(12771:12772): El hilo 2 del programa 5 paso a Execute
[INFO] 14:23:14:326 SUSE/(12771:12772): El hilo 2 del programa 5 paso a Ready
[INFO] 14:23:14:372 SUSE/(12771:12772): El hilo 1 del programa 5 paso a Execute
[INFO] 14:23:14:690 SUSE/(12771:12772): El hilo 1 del programa 5 paso a Ready
[INFO] 14:23:14:713 SUSE/(12771:12772): El hilo 2 del programa 5 paso a Execute
[INFO] 14:23:15:54 SUSE/(12771:12772): El hilo 2 del programa 5 paso a Ready
[INFO] 14:23:15:66 SUSE/(12771:12772): El hilo 1 del programa 5 paso a Execute
[INFO] 14:23:15:430 SUSE/(12771:12772): El hilo 1 del programa 5 paso a Ready
[INFO] 14:23:15:448 SUSE/(12771:12772): El hilo 2 del programa 5 paso a Execute
[INFO] 14:23:15:804 SUSE/(12771:12772): El hilo 2 del programa 5 paso a Ready
[INFO] 14:23:15:831 SUSE/(12771:12772): El hilo 1 del programa 5 paso a Execute
[INFO] 14:23:16:184 SUSE/(12771:12772): El hilo 2 del programa 7 paso a Ready
[INFO] 14:23:16:193 SUSE/(12771:12772): El hilo 1 del programa 7 paso a Execute
[INFO] 14:23:16:570 SUSE/(12771:12772): El hilo 1 del programa 5 paso a Ready
[INFO] 14:23:16:596 SUSE/(12771:12772): El hilo 2 del programa 5 paso a Execute
[INFO] 14:23:16:961 SUSE/(12771:12772): El hilo 1 del programa 7 paso a Ready
[INFO] 14:23:16:972 SUSE/(12771:12772): El hilo 2 del programa 7 paso a Execute
[INFO] 14:23:17:346 SUSE/(12771:12772): El hilo 2 del programa 5 paso a Ready
[INFO] 14:23:17:367 SUSE/(12771:12772): El hilo 1 del programa 5 paso a Execute
[INFO] 14:23:17:729 SUSE/(12771:12772): El hilo 1 del programa 5 paso a Ready
[INFO] 14:23:17:748 SUSE/(12771:12772): El hilo 2 del programa 5 paso a Execute
[INFO] 14:23:18:117 SUSE/(12771:12772): El hilo 2 del programa 7 paso a Ready
[INFO] 14:23:18:140 SUSE/(12771:12772): El hilo 1 del programa 7 paso a Execute
[INFO] 14:23:18:511 SUSE/(12771:12772): El hilo 2 del programa 5 paso a Ready
[INFO] 14:23:18:515 SUSE/(12771:12772): El hilo 1 del programa 5 paso a Execute
[INFO] 14:23:18:899 SUSE/(12771:12772): El hilo 1 del programa 7 paso a Ready
[INFO] 14:23:18:929 SUSE/(12771:12772): El hilo 2 del programa 7 paso a Execute
[INFO] 14:23:19:295 SUSE/(12771:12772): El hilo 1 del programa 5 paso a Ready
[INFO] 14:23:19:316 SUSE/(12771:12772): El hilo 2 del programa 5 paso a Execute
[INFO] 14:23:19:691 SUSE/(12771:12772): El hilo 2 del programa 7 paso a Ready
[INFO] 14:23:19:696 SUSE/(12771:12772): El hilo 1 del programa 7 paso a Execute
[INFO] 14:23:20:84 SUSE/(12771:12772): El hilo 2 del programa 5 paso a Ready
[INFO] 14:23:20:108 SUSE/(12771:12772): El hilo 1 del programa 5 paso a Execute
[INFO] 14:23:20:482 SUSE/(12771:12772): El hilo 1 del programa 7 paso a Ready
[INFO] 14:23:20:486 SUSE/(12771:12772): El hilo 2 del programa 7 paso a Execute
[INFO] 14:23:20:882 SUSE/(12771:12772): El hilo 1 del programa 5 paso a Ready
[INFO] 14:23:20:887 SUSE/(12771:12772): El hilo 2 del programa 5 paso a Execute
[INFO] 14:23:21:282 SUSE/(12771:12772): El hilo 2 del programa 7 paso a Ready
[INFO] 14:23:21:292 SUSE/(12771:12772): El hilo 1 del programa 7 paso a Execute
[INFO] 14:23:21:687 SUSE/(12771:12772): El hilo 2 del programa 5 paso a Ready
[INFO] 14:23:21:710 SUSE/(12771:12772): El hilo 1 del programa 5 paso a Execute
[INFO] 14:23:22:90 SUSE/(12771:12772): El hilo 1 del programa 7 paso a Ready
[INFO] 14:23:22:107 SUSE/(12771:12772): El hilo 2 del programa 7 paso a Execute
[INFO] 14:23:22:499 SUSE/(12771:12772): El hilo 2 del programa 7 paso a Ready
[INFO] 14:23:22:516 SUSE/(12771:12772): El hilo 1 del programa 7 paso a Execute
[INFO] 14:23:22:911 SUSE/(12771:12772): El hilo 1 del programa 5 paso a Ready
[INFO] 14:23:22:927 SUSE/(12771:12772): El hilo 2 del programa 5 paso a Execute
[INFO] 14:23:23:323 SUSE/(12771:12772): El hilo 1 del programa 7 paso a Ready
[INFO] 14:23:23:328 SUSE/(12771:12772): El hilo 2 del programa 7 paso a Execute
[INFO] 14:23:23:737 SUSE/(12771:12772): El hilo 2 del programa 5 paso a Ready
[INFO] 14:23:23:777 SUSE/(12771:12772): El hilo 1 del programa 5 paso a Execute
[INFO] 14:23:24:147 SUSE/(12771:12772): El hilo 2 del programa 7 paso a Ready
[INFO] 14:23:24:156 SUSE/(12771:12772): El hilo 1 del programa 7 paso a Execute
[INFO] 14:23:24:560 SUSE/(12771:12772): El hilo 1 del programa 7 paso a Ready
[INFO] 14:23:24:567 SUSE/(12771:12772): El hilo 2 del programa 7 paso a Execute
[INFO] 14:23:24:973 SUSE/(12771:12772): El hilo 2 del programa 7 paso a Ready
[INFO] 14:23:24:976 SUSE/(12771:12772): El hilo 1 del programa 7 paso a Execute
[INFO] 14:23:25:389 SUSE/(12771:12772): El hilo 1 del programa 7 paso a Ready
[INFO] 14:23:25:400 SUSE/(12771:12772): El hilo 2 del programa 7 paso a Execute
[INFO] 14:23:25:811 SUSE/(12771:12772): El hilo 2 del programa 7 paso a Ready
[INFO] 14:23:25:836 SUSE/(12771:12772): El hilo 1 del programa 7 paso a Execute
[INFO] 14:23:26:227 SUSE/(12771:12772): El hilo 1 del programa 5 paso a Ready
[INFO] 14:23:26:235 SUSE/(12771:12772): El hilo 2 del programa 5 paso a Execute
[INFO] 14:23:26:641 SUSE/(12771:12772): El hilo 2 del programa 5 paso a Ready
[INFO] 14:23:26:673 SUSE/(12771:12772): El hilo 1 del programa 5 paso a Execute
[INFO] 14:23:27:56 SUSE/(12771:12772): El hilo 1 del programa 5 paso a Ready
[INFO] 14:23:27:72 SUSE/(12771:12772): El hilo 2 del programa 5 paso a Execute
[INFO] 14:23:27:472 SUSE/(12771:12772): El hilo 2 del programa 5 paso a Ready
[INFO] 14:23:27:496 SUSE/(12771:12772): El hilo 1 del programa 5 paso a Execute
[INFO] 14:23:27:895 SUSE/(12771:12772): El hilo 1 del programa 5 paso a Ready
[INFO] 14:23:27:912 SUSE/(12771:12772): El hilo 2 del programa 5 paso a Execute
[INFO] 14:23:28:318 SUSE/(12771:12772): El hilo 1 del programa 7 paso a Ready
[INFO] 14:23:28:329 SUSE/(12771:12772): El hilo 2 del programa 7 paso a Execute
[INFO] 14:23:28:741 SUSE/(12771:12772): El hilo 2 del programa 5 paso a Ready
[INFO] 14:23:28:760 SUSE/(12771:12772): El hilo 1 del programa 5 paso a Execute
[INFO] 14:23:29:168 SUSE/(12771:12772): El hilo 2 del programa 7 paso a Ready
[INFO] 14:23:29:199 SUSE/(12771:12772): El hilo 1 del programa 7 paso a Execute
[INFO] 14:23:29:590 SUSE/(12771:12772): El hilo 1 del programa 5 paso a Ready
[INFO] 14:23:29:616 SUSE/(12771:12772): El hilo 2 del programa 5 paso a Execute
[INFO] 14:23:30:20 SUSE/(12771:12772): El hilo 2 del programa 5 paso a Ready
[INFO] 14:23:30:52 SUSE/(12771:12772): El hilo 1 del programa 5 paso a Execute
[INFO] 14:23:30:446 SUSE/(12771:12772): El hilo 1 del programa 5 paso a Ready
[INFO] 14:23:30:458 SUSE/(12771:12772): El hilo 2 del programa 5 paso a Execute
[INFO] 14:23:30:875 SUSE/(12771:12772): El hilo 2 del programa 5 paso a Ready
[INFO] 14:23:30:900 SUSE/(12771:12772): El hilo 1 del programa 5 paso a Execute
[INFO] 14:23:31:303 SUSE/(12771:12772): El hilo 1 del programa 7 paso a Ready
[INFO] 14:23:31:320 SUSE/(12771:12772): El hilo 2 del programa 7 paso a Execute
[INFO] 14:23:31:734 SUSE/(12771:12772): El hilo 2 del programa 7 paso a Ready
[INFO] 14:23:31:743 SUSE/(12771:12772): El hilo 1 del programa 7 paso a Execute
[INFO] 14:23:32:165 SUSE/(12771:12772): El hilo 1 del programa 5 paso a Ready
[INFO] 14:23:32:191 SUSE/(12771:12772): El hilo 2 del programa 5 paso a Execute
[INFO] 14:23:32:599 SUSE/(12771:12772): El hilo 2 del programa 5 paso a Ready
[INFO] 14:23:32:616 SUSE/(12771:12772): El hilo 1 del programa 5 paso a Execute
[INFO] 14:23:33:33 SUSE/(12771:12772): El hilo 1 del programa 7 paso a Ready
[INFO] 14:23:33:53 SUSE/(12771:12772): El hilo 2 del programa 7 paso a Execute
[INFO] 14:23:33:469 SUSE/(12771:12772): El hilo 2 del programa 7 paso a Ready
[INFO] 14:23:33:487 SUSE/(12771:12772): El hilo 1 del programa 7 paso a Execute
[INFO] 14:23:33:905 SUSE/(12771:12772): El hilo 1 del programa 5 paso a Ready
[INFO] 14:23:33:939 SUSE/(12771:12772): El hilo 2 del programa 5 paso a Execute
[INFO] 14:23:34:340 SUSE/(12771:12772): El hilo 1 del programa 7 paso a Ready
[INFO] 14:23:34:354 SUSE/(12771:12772): El hilo 2 del programa 7 paso a Execute
[INFO] 14:23:34:777 SUSE/(12771:12772): El hilo 2 del programa 5 paso a Ready
[INFO] 14:23:34:799 SUSE/(12771:12772): El hilo 1 del programa 5 paso a Execute
[INFO] 14:23:35:217 SUSE/(12771:12772): El hilo 1 del programa 5 paso a Ready
[INFO] 14:23:35:236 SUSE/(12771:12772): El hilo 2 del programa 5 paso a Execute
[INFO] 14:23:35:658 SUSE/(12771:12772): El hilo 2 del programa 7 paso a Ready
[INFO] 14:23:35:690 SUSE/(12771:12772): El hilo 1 del programa 7 paso a Execute
[INFO] 14:23:36:100 SUSE/(12771:12772): El hilo 2 del programa 5 paso a Ready
[INFO] 14:23:36:108 SUSE/(12771:12772): El hilo 1 del programa 5 paso a Execute
[INFO] 14:23:36:547 SUSE/(12771:12772): El hilo 1 del programa 5 paso a Ready
[INFO] 14:23:36:564 SUSE/(12771:12772): El hilo 2 del programa 5 paso a Execute
[INFO] 14:23:36:990 SUSE/(12771:12772): El hilo 1 del programa 7 paso a Ready
[INFO] 14:23:36:999 SUSE/(12771:12772): El hilo 2 del programa 7 paso a Execute
[INFO] 14:23:37:435 SUSE/(12771:12772): El hilo 2 del programa 5 paso a Ready
[INFO] 14:23:37:459 SUSE/(12771:12772): El hilo 1 del programa 5 paso a Execute
[INFO] 14:23:37:880 SUSE/(12771:12772): El hilo 1 del programa 5 paso a Ready
[INFO] 14:23:37:900 SUSE/(12771:12772): El hilo 2 del programa 5 paso a Execute
[INFO] 14:23:38:329 SUSE/(12771:12772): El hilo 2 del programa 7 paso a Ready
[INFO] 14:23:38:351 SUSE/(12771:12772): El hilo 1 del programa 7 paso a Execute
[INFO] 14:23:38:776 SUSE/(12771:12772): El hilo 2 del programa 5 paso a Ready
[INFO] 14:23:38:786 SUSE/(12771:12772): El hilo 1 del programa 5 paso a Execute
[INFO] 14:23:39:228 SUSE/(12771:12772): El hilo 1 del programa 5 paso a Ready
[INFO] 14:23:39:237 SUSE/(12771:12772): El hilo 2 del programa 5 paso a Execute
[INFO] 14:23:39:674 SUSE/(12771:12772): El hilo 1 del programa 7 paso a Ready
[INFO] 14:23:39:692 SUSE/(12771:12772): El hilo 2 del programa 7 paso a Execute
[INFO] 14:23:40:124 SUSE/(12771:12772): El hilo 2 del programa 7 paso a Ready
[INFO] 14:23:40:151 SUSE/(12771:12772): El hilo 1 del programa 7 paso a Execute
[INFO] 14:23:40:578 SUSE/(12771:12772): El hilo 1 del programa 7 paso a Ready
[INFO] 14:23:40:587 SUSE/(12771:12772): El hilo 2 del programa 7 paso a Execute
[INFO] 14:23:41:30 SUSE/(12771:12772): El hilo 2 del programa 7 paso a Ready
[INFO] 14:23:41:53 SUSE/(12771:12772): El hilo 1 del programa 7 paso a Execute
[INFO] 14:23:41:495 SUSE/(12771:12772): El hilo 2 del programa 5 paso a Ready
[INFO] 14:23:41:526 SUSE/(12771:12772): El hilo 1 del programa 5 paso a Execute
[INFO] 14:23:41:954 SUSE/(12771:12772): El hilo 1 del programa 7 paso a Ready
[INFO] 14:23:41:973 SUSE/(12771:12772): El hilo 2 del programa 7 paso a Execute
[INFO] 14:23:42:414 SUSE/(12771:12772): El hilo 1 del programa 5 paso a Ready
[INFO] 14:23:42:432 SUSE/(12771:12772): El hilo 2 del programa 5 paso a Execute
[INFO] 14:23:42:883 SUSE/(12771:12772): El hilo 2 del programa 7 paso a Ready
[INFO] 14:23:42:901 SUSE/(12771:12772): El hilo 1 del programa 7 paso a Execute
[INFO] 14:23:43:354 SUSE/(12771:12772): El hilo 1 del programa 7 paso a Ready
[INFO] 14:23:43:372 SUSE/(12771:12772): El hilo 2 del programa 7 paso a Execute
[INFO] 14:23:43:817 SUSE/(12771:12772): El hilo 2 del programa 5 paso a Ready
[INFO] 14:23:43:857 SUSE/(12771:12772): El hilo 1 del programa 5 paso a Execute
[INFO] 14:23:44:301 SUSE/(12771:12772): El hilo 2 del programa 7 paso a Ready
[INFO] 14:23:44:310 SUSE/(12771:12772): El hilo 1 del programa 7 paso a Execute
[INFO] 14:23:44:765 SUSE/(12771:12772): El hilo 1 del programa 5 paso a Ready
[INFO] 14:23:44:784 SUSE/(12771:12772): El hilo 2 del programa 5 paso a Execute
[INFO] 14:23:45:235 SUSE/(12771:12772): El hilo 2 del programa 5 paso a Ready
[INFO] 14:23:45:244 SUSE/(12771:12772): El hilo 1 del programa 5 paso a Execute
[INFO] 14:23:45:707 SUSE/(12771:12772): El hilo 1 del programa 5 paso a Ready
[INFO] 14:23:45:729 SUSE/(12771:12772): El hilo 2 del programa 5 paso a Execute
[INFO] 14:23:46:177 SUSE/(12771:12772): El hilo 1 del programa 7 paso a Ready
[INFO] 14:23:46:194 SUSE/(12771:12772): El hilo 2 del programa 7 paso a Execute
[INFO] 14:23:46:651 SUSE/(12771:12772): El hilo 2 del programa 5 paso a Ready
[INFO] 14:23:46:682 SUSE/(12771:12772): El hilo 1 del programa 5 paso a Execute
[INFO] 14:23:47:129 SUSE/(12771:12772): El hilo 2 del programa 7 paso a Ready
[INFO] 14:23:47:153 SUSE/(12771:12772): El hilo 1 del programa 7 paso a Execute
[INFO] 14:23:47:605 SUSE/(12771:12772): El hilo 1 del programa 5 paso a Ready
[INFO] 14:23:47:610 SUSE/(12771:12772): El hilo 2 del programa 5 paso a Execute
[INFO] 14:23:48:84 SUSE/(12771:12772): El hilo 2 del programa 5 paso a Ready
[INFO] 14:23:48:104 SUSE/(12771:12772): El hilo 1 del programa 5 paso a Execute
[INFO] 14:23:48:564 SUSE/(12771:12772): El hilo 1 del programa 7 paso a Ready
[INFO] 14:23:48:601 SUSE/(12771:12772): El hilo 2 del programa 7 paso a Execute
[INFO] 14:23:49:44 SUSE/(12771:12772): El hilo 1 del programa 5 paso a Ready
[INFO] 14:23:49:52 SUSE/(12771:12772): El hilo 2 del programa 5 paso a Execute
[INFO] 14:23:49:523 SUSE/(12771:12772): El hilo 2 del programa 7 paso a Ready
[INFO] 14:23:49:532 SUSE/(12771:12772): El hilo 1 del programa 7 paso a Execute
[INFO] 14:23:49:4 SUSE/(12771:12772): El hilo 2 del programa 5 paso a Ready
[INFO] 14:23:50:31 SUSE/(12771:12772): El hilo 1 del programa 5 paso a Execute
[INFO] 14:23:50:486 SUSE/(12771:12772): El hilo 1 del programa 5 paso a Ready
[INFO] 14:23:50:508 SUSE/(12771:12772): El hilo 2 del programa 5 paso a Execute
[INFO] 14:23:50:974 SUSE/(12771:12772): El hilo 1 del programa 7 paso a Ready
[INFO] 14:23:51:11 SUSE/(12771:12772): El hilo 2 del programa 7 paso a Execute
[INFO] 14:23:51:457 SUSE/(12771:12772): El hilo 2 del programa 7 paso a Ready
[INFO] 14:23:51:468 SUSE/(12771:12772): El hilo 1 del programa 7 paso a Execute
[INFO] 14:23:51:942 SUSE/(12771:12772): El hilo 2 del programa 5 paso a Ready
[INFO] 14:23:51:968 SUSE/(12771:12772): El hilo 1 del programa 5 paso a Execute
[INFO] 14:23:52:431 SUSE/(12771:12772): El hilo 1 del programa 5 paso a Ready
[INFO] 14:23:52:459 SUSE/(12771:12772): El hilo 2 del programa 5 paso a Execute
[INFO] 14:23:52:923 SUSE/(12771:12772): El hilo 1 del programa 7 paso a Ready
[INFO] 14:23:52:934 SUSE/(12771:12772): El hilo 2 del programa 7 paso a Execute
[INFO] 14:23:53:421 SUSE/(12771:12772): El hilo 2 del programa 5 paso a Ready
[INFO] 14:23:53:448 SUSE/(12771:12772): El hilo 1 del programa 5 paso a Execute
[INFO] 14:23:53:911 SUSE/(12771:12772): El hilo 2 del programa 7 paso a Ready
[INFO] 14:23:53:938 SUSE/(12771:12772): El hilo 1 del programa 7 paso a Execute
[INFO] 14:23:54:407 SUSE/(12771:12772): El hilo 1 del programa 5 paso a Ready
[INFO] 14:23:54:427 SUSE/(12771:12772): El hilo 2 del programa 5 paso a Execute
[INFO] 14:23:54:898 SUSE/(12771:12772): El hilo 2 del programa 5 paso a Ready
[INFO] 14:23:54:907 SUSE/(12771:12772): El hilo 1 del programa 5 paso a Execute
[INFO] 14:23:55:399 SUSE/(12771:12772): El hilo 1 del programa 5 paso a Ready
[INFO] 14:23:55:417 SUSE/(12771:12772): El hilo 2 del programa 5 paso a Execute
[INFO] 14:23:55:900 SUSE/(12771:12772): El hilo 1 del programa 7 paso a Ready
[INFO] 14:23:55:920 SUSE/(12771:12772): El hilo 2 del programa 7 paso a Execute
[INFO] 14:23:56:412 SUSE/(12771:12772): El hilo 2 del programa 5 paso a Ready
[INFO] 14:23:56:427 SUSE/(12771:12772): El hilo 1 del programa 5 paso a Execute
[INFO] 14:23:56:927 SUSE/(12771:12772): El hilo 2 del programa 7 paso a Ready
[INFO] 14:23:56:950 SUSE/(12771:12772): El hilo 1 del programa 7 paso a Execute
[INFO] 14:23:57:431 SUSE/(12771:12772): El hilo 1 del programa 7 paso a Ready
[INFO] 14:23:57:454 SUSE/(12771:12772): El hilo 2 del programa 7 paso a Execute
[INFO] 14:23:57:932 SUSE/(12771:12772): El hilo 1 del programa 5 paso a Ready
[INFO] 14:23:57:955 SUSE/(12771:12772): El hilo 2 del programa 5 paso a Execute
[INFO] 14:23:58:442 SUSE/(12771:12772): El hilo 2 del programa 5 paso a Ready
[INFO] 14:23:58:472 SUSE/(12771:12772): El hilo 1 del programa 5 paso a Execute
[INFO] 14:23:58:947 SUSE/(12771:12772): El hilo 2 del programa 7 paso a Ready
[INFO] 14:23:58:967 SUSE/(12771:12772): El hilo 1 del programa 7 paso a Execute
[INFO] 14:23:59:469 SUSE/(12771:12772): El hilo 1 del programa 7 paso a Ready
[INFO] 14:23:59:494 SUSE/(12771:12772): El hilo 2 del programa 7 paso a Execute
[INFO] 14:23:59:987 SUSE/(12771:12772): El hilo 1 del programa 5 paso a Ready
[INFO] 14:23:59:992 SUSE/(12771:12772): El hilo 2 del programa 5 paso a Execute
[INFO] 14:24:00:502 SUSE/(12771:12772): El hilo 2 del programa 7 paso a Ready
[INFO] 14:24:00:512 SUSE/(12771:12772): El hilo 1 del programa 7 paso a Execute
[INFO] 14:24:01:15 SUSE/(12771:12772): El hilo 2 del programa 5 paso a Ready
[INFO] 14:24:01:40 SUSE/(12771:12772): El hilo 1 del programa 5 paso a Execute
[INFO] 14:24:01:533 SUSE/(12771:12772): El hilo 1 del programa 5 paso a Ready
[INFO] 14:24:01:556 SUSE/(12771:12772): El hilo 2 del programa 5 paso a Execute
[INFO] 14:24:02:59 SUSE/(12771:12772): El hilo 2 del programa 5 paso a Ready
[INFO] 14:24:02:88 SUSE/(12771:12772): El hilo 1 del programa 5 paso a Execute
[INFO] 14:24:02:594 SUSE/(12771:12772): El hilo 1 del programa 7 paso a Ready
[INFO] 14:24:02:612 SUSE/(12771:12772): El hilo 2 del programa 7 paso a Execute
[INFO] 14:24:03:117 SUSE/(12771:12772): El hilo 1 del programa 5 paso a Ready
[INFO] 14:24:03:145 SUSE/(12771:12772): El hilo 2 del programa 5 paso a Execute
[INFO] 14:24:03:654 SUSE/(12771:12772): El hilo 2 del programa 5 paso a Ready
[INFO] 14:24:03:678 SUSE/(12771:12772): El hilo 1 del programa 5 paso a Execute
[INFO] 14:24:04:186 SUSE/(12771:12772): El hilo 2 del programa 7 paso a Ready
[INFO] 14:24:04:203 SUSE/(12771:12772): El hilo 1 del programa 7 paso a Execute
[INFO] 14:24:04:720 SUSE/(12771:12772): El hilo 1 del programa 7 paso a Ready
[INFO] 14:24:04:747 SUSE/(12771:12772): El hilo 2 del programa 7 paso a Execute
[INFO] 14:24:05:254 SUSE/(12771:12772): El hilo 2 del programa 7 paso a Ready
[INFO] 14:24:05:274 SUSE/(12771:12772): El hilo 1 del programa 7 paso a Execute
[INFO] 14:24:05:790 SUSE/(12771:12772): El hilo 1 del programa 5 paso a Ready
[INFO] 14:24:05:820 SUSE/(12771:12772): El hilo 2 del programa 5 paso a Execute
[INFO] 14:24:06:322 SUSE/(12771:12772): El hilo 1 del programa 7 paso a Ready
[INFO] 14:24:06:354 SUSE/(12771:12772): El hilo 2 del programa 7 paso a Execute
[INFO] 14:24:06:859 SUSE/(12771:12772): El hilo 2 del programa 7 paso a Ready
[INFO] 14:24:06:880 SUSE/(12771:12772): El hilo 1 del programa 7 paso a Execute
[INFO] 14:24:07:401 SUSE/(12771:12772): El hilo 1 del programa 7 paso a Ready
[INFO] 14:24:07:411 SUSE/(12771:12772): El hilo 2 del programa 7 paso a Execute
[INFO] 14:24:07:952 SUSE/(12771:12772): El hilo 2 del programa 5 paso a Ready
[INFO] 14:24:07:972 SUSE/(12771:12772): El hilo 1 del programa 5 paso a Execute
[INFO] 14:24:08:490 SUSE/(12771:12772): El hilo 2 del programa 7 paso a Ready
[INFO] 14:24:08:506 SUSE/(12771:12772): El hilo 1 del programa 7 paso a Execute
[INFO] 14:24:09:38 SUSE/(12771:12772): El hilo 1 del programa 7 paso a Ready
[INFO] 14:24:09:59 SUSE/(12771:12772): El hilo 2 del programa 7 paso a Execute
[INFO] 14:24:09:594 SUSE/(12771:12772): El hilo 1 del programa 5 paso a Ready
[INFO] 14:24:09:618 SUSE/(12771:12772): El hilo 2 del programa 5 paso a Execute
[INFO] 14:24:10:141 SUSE/(12771:12772): El hilo 2 del programa 7 paso a Ready
[INFO] 14:24:10:170 SUSE/(12771:12772): El hilo 1 del programa 7 paso a Execute
[INFO] 14:24:10:688 SUSE/(12771:12772): El hilo 1 del programa 7 paso a Ready
[INFO] 14:24:10:709 SUSE/(12771:12772): El hilo 2 del programa 7 paso a Execute
[INFO] 14:24:11:235 SUSE/(12771:12772): El hilo 2 del programa 7 paso a Ready
[INFO] 14:24:11:253 SUSE/(12771:12772): El hilo 1 del programa 7 paso a Execute
[INFO] 14:24:11:785 SUSE/(12771:12772): El hilo 1 del programa 7 paso a Ready
[INFO] 14:24:11:806 SUSE/(12771:12772): El hilo 2 del programa 7 paso a Execute
[INFO] 14:24:12:337 SUSE/(12771:12772): El hilo 2 del programa 5 paso a Ready
[INFO] 14:24:12:358 SUSE/(12771:12772): El hilo 1 del programa 5 paso a Execute
[INFO] 14:24:12:891 SUSE/(12771:12772): El hilo 1 del programa 5 paso a Ready
[INFO] 14:24:12:909 SUSE/(12771:12772): El hilo 2 del programa 5 paso a Execute
[INFO] 14:24:13:448 SUSE/(12771:12772): El hilo 2 del programa 7 paso a Ready
[INFO] 14:24:13:468 SUSE/(12771:12772): El hilo 1 del programa 7 paso a Execute
[INFO] 14:24:13:2 SUSE/(12771:12772): El hilo 2 del programa 5 paso a Ready
[INFO] 14:24:14:32 SUSE/(12771:12772): El hilo 1 del programa 5 paso a Execute
[INFO] 14:24:14:559 SUSE/(12771:12772): El hilo 1 del programa 7 paso a Ready
[INFO] 14:24:14:580 SUSE/(12771:12772): El hilo 2 del programa 7 paso a Execute
[INFO] 14:24:15:126 SUSE/(12771:12772): El hilo 2 del programa 7 paso a Ready
[INFO] 14:24:15:136 SUSE/(12771:12772): El hilo 1 del programa 7 paso a Execute
[INFO] 14:24:15:680 SUSE/(12771:12772): El hilo 1 del programa 5 paso a Ready
[INFO] 14:24:15:705 SUSE/(12771:12772): El hilo 2 del programa 5 paso a Execute
[INFO] 14:24:16:239 SUSE/(12771:12772): El hilo 2 del programa 5 paso a Ready
[INFO] 14:24:16:268 SUSE/(12771:12772): El hilo 1 del programa 5 paso a Execute
[INFO] 14:24:16:802 SUSE/(12771:12772): El hilo 1 del programa 5 paso a Ready
[INFO] 14:24:16:811 SUSE/(12771:12772): El hilo 2 del programa 5 paso a Execute
[INFO] 14:24:17:371 SUSE/(12771:12772): El hilo 2 del programa 5 paso a Ready
[INFO] 14:24:17:380 SUSE/(12771:12772): El hilo 1 del programa 5 paso a Execute
[INFO] 14:24:17:939 SUSE/(12771:12772): El hilo 1 del programa 7 paso a Ready
[INFO] 14:24:17:963 SUSE/(12771:12772): El hilo 2 del programa 7 paso a Execute
[INFO] 14:24:18:504 SUSE/(12771:12772): El hilo 1 del programa 5 paso a Ready
[INFO] 14:24:18:535 SUSE/(12771:12772): El hilo 2 del programa 5 paso a Execute
[INFO] 14:24:19:72 SUSE/(12771:12772): El hilo 2 del programa 7 paso a Ready
[INFO] 14:24:19:95 SUSE/(12771:12772): El hilo 1 del programa 7 paso a Execute
[INFO] 14:24:19:646 SUSE/(12771:12772): El hilo 2 del programa 5 paso a Ready
[INFO] 14:24:19:666 SUSE/(12771:12772): El hilo 1 del programa 5 paso a Execute
[INFO] 14:24:20:219 SUSE/(12771:12772): El hilo 1 del programa 7 paso a Ready
[INFO] 14:24:20:236 SUSE/(12771:12772): El hilo 2 del programa 7 paso a Execute
[INFO] 14:24:20:794 SUSE/(12771:12772): El hilo 1 del programa 5 paso a Ready
[INFO] 14:24:20:821 SUSE/(12771:12772): El hilo 2 del programa 5 paso a Execute
[INFO] 14:24:21:367 SUSE/(12771:12772): El hilo 2 del programa 5 paso a Ready
[INFO] 14:24:21:396 SUSE/(12771:12772): El hilo 1 del programa 5 paso a Execute
[INFO] 14:24:21:942 SUSE/(12771:12772): El hilo 2 del programa 7 paso a Ready
[INFO] 14:24:21:956 SUSE/(12771:12772): El hilo 1 del programa 7 paso a Execute
[INFO] 14:24:22:521 SUSE/(12771:12772): El hilo 1 del programa 7 paso a Ready
[INFO] 14:24:22:548 SUSE/(12771:12772): El hilo 2 del programa 7 paso a Execute
[INFO] 14:24:23:107 SUSE/(12771:12772): El hilo 1 del programa 5 paso a Ready
[INFO] 14:24:23:128 SUSE/(12771:12772): El hilo 2 del programa 5 paso a Execute
[INFO] 14:24:23:692 SUSE/(12771:12772): El hilo 2 del programa 7 paso a Ready
[INFO] 14:24:23:719 SUSE/(12771:12772): El hilo 1 del programa 7 paso a Execute
[INFO] 14:24:24:274 SUSE/(12771:12772): El hilo 1 del programa 7 paso a Ready
[INFO] 14:24:24:298 SUSE/(12771:12772): El hilo 2 del programa 7 paso a Execute
[INFO] 14:24:24:855 SUSE/(12771:12772): El hilo 2 del programa 7 paso a Ready
[INFO] 14:24:24:887 SUSE/(12771:12772): El hilo 1 del programa 7 paso a Execute
[INFO] 14:24:25:442 SUSE/(12771:12772): El hilo 2 del programa 5 paso a Ready
[INFO] 14:24:25:462 SUSE/(12771:12772): El hilo 1 del programa 5 paso a Execute
[INFO] 14:24:26:32 SUSE/(12771:12772): El hilo 1 del programa 7 paso a Ready
[INFO] 14:24:26:65 SUSE/(12771:12772): El hilo 2 del programa 7 paso a Execute
[INFO] 14:24:26:619 SUSE/(12771:12772): El hilo 1 del programa 5 paso a Ready
[INFO] 14:24:26:644 SUSE/(12771:12772): El hilo 2 del programa 5 paso a Execute
[INFO] 14:24:27:212 SUSE/(12771:12772): El hilo 2 del programa 5 paso a Ready
[INFO] 14:24:27:242 SUSE/(12771:12772): El hilo 1 del programa 5 paso a Execute
[INFO] 14:24:27:801 SUSE/(12771:12772): El hilo 1 del programa 5 paso a Ready
[INFO] 14:24:27:822 SUSE/(12771:12772): El hilo 2 del programa 5 paso a Execute
[INFO] 14:24:28:391 SUSE/(12771:12772): El hilo 2 del programa 7 paso a Ready
[INFO] 14:24:28:420 SUSE/(12771:12772): El hilo 1 del programa 7 paso a Execute
[INFO] 14:24:28:982 SUSE/(12771:12772): El hilo 1 del programa 7 paso a Ready
[INFO] 14:24:28:992 SUSE/(12771:12772): El hilo 2 del programa 7 paso a Execute
[INFO] 14:24:29:578 SUSE/(12771:12772): El hilo 2 del programa 5 paso a Ready
[INFO] 14:24:29:615 SUSE/(12771:12772): El hilo 1 del programa 5 paso a Execute
[INFO] 14:24:30:171 SUSE/(12771:12772): El hilo 2 del programa 7 paso a Ready
[INFO] 14:24:30:197 SUSE/(12771:12772): El hilo 1 del programa 7 paso a Execute
[INFO] 14:24:30:774 SUSE/(12771:12772): El hilo 1 del programa 5 paso a Ready
[INFO] 14:24:30:792 SUSE/(12771:12772): El hilo 2 del programa 5 paso a Execute
[INFO] 14:24:31:379 SUSE/(12771:12772): El hilo 1 del programa 7 paso a Ready
[INFO] 14:24:31:397 SUSE/(12771:12772): El hilo 2 del programa 7 paso a Execute
[INFO] 14:24:31:982 SUSE/(12771:12772): El hilo 2 del programa 5 paso a Ready
[INFO] 14:24:32:6 SUSE/(12771:12772): El hilo 1 del programa 5 paso a Execute
[INFO] 14:24:32:584 SUSE/(12771:12772): El hilo 1 del programa 5 paso a Ready
[INFO] 14:24:32:604 SUSE/(12771:12772): El hilo 2 del programa 5 paso a Execute
[INFO] 14:24:33:191 SUSE/(12771:12772): El hilo 2 del programa 5 paso a Ready
[INFO] 14:24:33:212 SUSE/(12771:12772): El hilo 1 del programa 5 paso a Execute
[INFO] 14:24:33:801 SUSE/(12771:12772): El hilo 1 del programa 5 paso a Ready
[INFO] 14:24:33:828 SUSE/(12771:12772): El hilo 2 del programa 5 paso a Execute
[INFO] 14:24:34:411 SUSE/(12771:12772): El hilo 2 del programa 7 paso a Ready
[INFO] 14:24:34:429 SUSE/(12771:12772): El hilo 1 del programa 7 paso a Execute
[INFO] 14:24:35:19 SUSE/(12771:12772): El hilo 2 del programa 5 paso a Ready
[INFO] 14:24:35:39 SUSE/(12771:12772): El hilo 1 del programa 5 paso a Execute
[INFO] 14:24:35:630 SUSE/(12771:12772): El hilo 1 del programa 5 paso a Ready
[INFO] 14:24:35:652 SUSE/(12771:12772): El hilo 2 del programa 5 paso a Execute
[INFO] 14:24:36:241 SUSE/(12771:12772): El hilo 2 del programa 5 paso a Ready
[INFO] 14:24:36:267 SUSE/(12771:12772): El hilo 1 del programa 5 paso a Execute
[INFO] 14:24:36:851 SUSE/(12771:12772): El hilo 1 del programa 7 paso a Ready
[INFO] 14:24:36:871 SUSE/(12771:12772): El hilo 2 del programa 7 paso a Execute
[INFO] 14:24:37:466 SUSE/(12771:12772): El hilo 2 del programa 7 paso a Ready
[INFO] 14:24:37:494 SUSE/(12771:12772): El hilo 1 del programa 7 paso a Execute
[INFO] 14:24:38:80 SUSE/(12771:12772): El hilo 1 del programa 5 paso a Ready
[INFO] 14:24:38:101 SUSE/(12771:12772): El hilo 2 del programa 5 paso a Execute
[INFO] 14:24:38:698 SUSE/(12771:12772): El hilo 1 del programa 7 paso a Ready
[INFO] 14:24:38:723 SUSE/(12771:12772): El hilo 2 del programa 7 paso a Execute
[INFO] 14:24:39:314 SUSE/(12771:12772): El hilo 2 del programa 7 paso a Ready
[INFO] 14:24:39:332 SUSE/(12771:12772): El hilo 1 del programa 7 paso a Execute
[INFO] 14:24:39:926 SUSE/(12771:12772): El hilo 2 del programa 5 paso a Ready
[INFO] 14:24:39:958 SUSE/(12771:12772): El hilo 1 del programa 5 paso a Execute
[INFO] 14:24:40:545 SUSE/(12771:12772): El hilo 1 del programa 5 paso a Ready
[INFO] 14:24:40:565 SUSE/(12771:12772): El hilo 2 del programa 5 paso a Execute
[INFO] 14:24:41:162 SUSE/(12771:12772): El hilo 1 del programa 7 paso a Ready
[INFO] 14:24:41:192 SUSE/(12771:12772): El hilo 2 del programa 7 paso a Execute
[INFO] 14:24:41:783 SUSE/(12771:12772): El hilo 2 del programa 7 paso a Ready
[INFO] 14:24:41:802 SUSE/(12771:12772): El hilo 1 del programa 7 paso a Execute
[INFO] 14:24:42:407 SUSE/(12771:12772): El hilo 2 del programa 5 paso a Ready
[INFO] 14:24:42:427 SUSE/(12771:12772): El hilo 1 del programa 5 paso a Execute
[INFO] 14:24:43:35 SUSE/(12771:12772): El hilo 1 del programa 7 paso a Ready
[INFO] 14:24:43:61 SUSE/(12771:12772): El hilo 2 del programa 7 paso a Execute
[INFO] 14:24:43:663 SUSE/(12771:12772): El hilo 2 del programa 7 paso a Ready
[INFO] 14:24:43:680 SUSE/(12771:12772): El hilo 1 del programa 7 paso a Execute
[INFO] 14:24:44:290 SUSE/(12771:12772): El hilo 1 del programa 5 paso a Ready
[INFO] 14:24:44:308 SUSE/(12771:12772): El hilo 2 del programa 5 paso a Execute
[INFO] 14:24:44:921 SUSE/(12771:12772): El hilo 2 del programa 5 paso a Ready
[INFO] 14:24:44:946 SUSE/(12771:12772): El hilo 1 del programa 5 paso a Execute
[INFO] 14:24:45:561 SUSE/(12771:12772): El hilo 1 del programa 7 paso a Ready
[INFO] 14:24:45:580 SUSE/(12771:12772): El hilo 2 del programa 7 paso a Execute
[INFO] 14:24:46:192 SUSE/(12771:12772): El hilo 1 del programa 5 paso a Ready
[INFO] 14:24:46:219 SUSE/(12771:12772): El hilo 2 del programa 5 paso a Execute
[INFO] 14:24:46:830 SUSE/(12771:12772): El hilo 2 del programa 5 paso a Ready
[INFO] 14:24:46:848 SUSE/(12771:12772): El hilo 1 del programa 5 paso a Execute
[INFO] 14:24:47:466 SUSE/(12771:12772): El hilo 2 del programa 7 paso a Ready
[INFO] 14:24:47:492 SUSE/(12771:12772): El hilo 1 del programa 7 paso a Execute
[INFO] 14:24:48:111 SUSE/(12771:12772): El hilo 1 del programa 5 paso a Ready
[INFO] 14:24:48:134 SUSE/(12771:12772): El hilo 2 del programa 5 paso a Execute
[INFO] 14:24:48:752 SUSE/(12771:12772): El hilo 1 del programa 7 paso a Ready
[INFO] 14:24:48:775 SUSE/(12771:12772): El hilo 2 del programa 7 paso a Execute
[INFO] 14:24:49:401 SUSE/(12771:12772): El hilo 2 del programa 7 paso a Ready
[INFO] 14:24:49:437 SUSE/(12771:12772): El hilo 1 del programa 7 paso a Execute
[INFO] 14:24:50:45 SUSE/(12771:12772): El hilo 2 del programa 5 paso a Ready
[INFO] 14:24:50:94 SUSE/(12771:12772): El hilo 1 del programa 5 paso a Execute
[INFO] 14:24:50:687 SUSE/(12771:12772): El hilo 1 del programa 5 paso a Ready
[INFO] 14:24:50:712 SUSE/(12771:12772): El hilo 2 del programa 5 paso a Execute
[INFO] 14:24:51:334 SUSE/(12771:12772): El hilo 1 del programa 7 paso a Ready
[INFO] 14:24:51:365 SUSE/(12771:12772): El hilo 2 del programa 7 paso a Execute
[INFO] 14:24:51:998 SUSE/(12771:12772): El hilo 2 del programa 5 paso a Ready
[INFO] 14:24:52:26 SUSE/(12771:12772): El hilo 1 del programa 5 paso a Execute
[INFO] 14:24:52:350 SUSE/(12771:12772): El hilo 2 del programa 7 paso a Exit
[INFO] 14:24:52:451 SUSE/(12771:12772): El hilo 0 del programa 7 paso a Ready
[INFO] 14:24:52:463 SUSE/(12771:12772): El hilo 0 del programa 7 paso a Execute
[INFO] 14:24:52:499 SUSE/(12771:12772): El hilo 0 del programa 7 paso a Blocked
[INFO] 14:24:52:513 SUSE/(12771:12772): El hilo 1 del programa 7 paso a Execute
[INFO] 14:24:53:172 SUSE/(12771:12772): El hilo 1 del programa 5 paso a Ready
[INFO] 14:24:53:196 SUSE/(12771:12772): El hilo 2 del programa 5 paso a Execute
[INFO] 14:24:53:832 SUSE/(12771:12772): El hilo 2 del programa 5 paso a Ready
[INFO] 14:24:53:855 SUSE/(12771:12772): El hilo 1 del programa 5 paso a Execute
[INFO] 14:24:54:495 SUSE/(12771:12772): El hilo 1 del programa 5 paso a Ready
[INFO] 14:24:54:504 SUSE/(12771:12772): El hilo 2 del programa 5 paso a Execute
[INFO] 14:24:55:160 SUSE/(12771:12772): El hilo 2 del programa 5 paso a Ready
[INFO] 14:24:55:184 SUSE/(12771:12772): El hilo 1 del programa 5 paso a Execute
[INFO] 14:24:55:832 SUSE/(12771:12772): El hilo 1 del programa 5 paso a Ready
[INFO] 14:24:55:851 SUSE/(12771:12772): El hilo 2 del programa 5 paso a Execute
[INFO] 14:24:56:503 SUSE/(12771:12772): El hilo 2 del programa 5 paso a Ready
[INFO] 14:24:56:526 SUSE/(12771:12772): El hilo 1 del programa 5 paso a Execute
[INFO] 14:24:57:180 SUSE/(12771:12772): El hilo 1 del programa 5 paso a Ready
[INFO] 14:24:57:203 SUSE/(12771:12772): El hilo 2 del programa 5 paso a Execute
[INFO] 14:24:57:860 SUSE/(12771:12772): El hilo 2 del programa 5 paso a Ready
[INFO] 14:24:57:887 SUSE/(12771:12772): El hilo 1 del programa 5 paso a Execute
[INFO] 14:24:58:545 SUSE/(12771:12772): El hilo 1 del programa 5 paso a Ready
[INFO] 14:24:58:574 SUSE/(12771:12772): El hilo 2 del programa 5 paso a Execute
[INFO] 14:24:59:234 SUSE/(12771:12772): El hilo 2 del programa 5 paso a Ready
[INFO] 14:24:59:260 SUSE/(12771:12772): El hilo 1 del programa 5 paso a Execute
[INFO] 14:24:59:922 SUSE/(12771:12772): El hilo 1 del programa 5 paso a Ready
[INFO] 14:24:59:947 SUSE/(12771:12772): El hilo 2 del programa 5 paso a Execute
[INFO] 14:25:00:615 SUSE/(12771:12772): El hilo 2 del programa 5 paso a Ready
[INFO] 14:25:00:646 SUSE/(12771:12772): El hilo 1 del programa 5 paso a Execute
[INFO] 14:25:01:308 SUSE/(12771:12772): El hilo 1 del programa 5 paso a Ready
[INFO] 14:25:01:332 SUSE/(12771:12772): El hilo 2 del programa 5 paso a Execute
[INFO] 14:25:02:5 SUSE/(12771:12772): El hilo 2 del programa 5 paso a Ready
[INFO] 14:25:02:21 SUSE/(12771:12772): El hilo 1 del programa 5 paso a Execute
[INFO] 14:25:02:273 SUSE/(12771:12772): El hilo 1 del programa 7 paso a Exit
[INFO] 14:25:02:339 SUSE/(12771:12772): El hilo 0 del programa 7 paso a Ready
[INFO] 14:25:02:355 SUSE/(12771:12772): El hilo 0 del programa 7 paso a Execute
[INFO] 14:25:02:406 SUSE/(12771:12772): El hilo 0 del programa 7 paso a Exit
[INFO] 14:25:02:467 SUSE/(12771:12772): Se desconecto un programa, pid: 7
[INFO] 14:25:03:47 SUSE/(12771:12772): El hilo 1 del programa 5 paso a Ready
[INFO] 14:25:03:56 SUSE/(12771:12772): El hilo 2 del programa 5 paso a Execute
[INFO] 14:25:03:741 SUSE/(12771:12772): El hilo 2 del programa 5 paso a Ready
[INFO] 14:25:03:766 SUSE/(12771:12772): El hilo 1 del programa 5 paso a Execute
[INFO] 14:25:04:434 SUSE/(12771:12772): El hilo 1 del programa 5 paso a Ready
[INFO] 14:25:04:456 SUSE/(12771:12772): El hilo 2 del programa 5 paso a Execute
[INFO] 14:25:05:131 SUSE/(12771:12772): El hilo 2 del programa 5 paso a Ready
[INFO] 14:25:05:164 SUSE/(12771:12772): El hilo 1 del programa 5 paso a Execute
[INFO] 14:25:05:835 SUSE/(12771:12772): El hilo 1 del programa 5 paso a Ready
[INFO] 14:25:05:868 SUSE/(12771:12772): El hilo 2 del programa 5 paso a Execute
[INFO] 14:25:06:538 SUSE/(12771:12772): El hilo 2 del programa 5 paso a Ready
[INFO] 14:25:06:559 SUSE/(12771:12772): El hilo 1 del programa 5 paso a Execute
[INFO] 14:25:07:251 SUSE/(12771:12772): El hilo 1 del programa 5 paso a Ready
[INFO] 14:25:07:271 SUSE/(12771:12772): El hilo 2 del programa 5 paso a Execute
[INFO] 14:25:07:967 SUSE/(12771:12772): El hilo 2 del programa 5 paso a Ready
[INFO] 14:25:07:990 SUSE/(12771:12772): El hilo 1 del programa 5 paso a Execute
[INFO] 14:25:08:682 SUSE/(12771:12772): El hilo 1 del programa 5 paso a Ready
[INFO] 14:25:08:710 SUSE/(12771:12772): El hilo 2 del programa 5 paso a Execute
[INFO] 14:25:09:402 SUSE/(12771:12772): El hilo 2 del programa 5 paso a Ready
[INFO] 14:25:09:428 SUSE/(12771:12772): El hilo 1 del programa 5 paso a Execute
[INFO] 14:25:10:123 SUSE/(12771:12772): El hilo 1 del programa 5 paso a Ready
[INFO] 14:25:10:152 SUSE/(12771:12772): El hilo 2 del programa 5 paso a Execute
[INFO] 14:25:10:851 SUSE/(12771:12772): El hilo 2 del programa 5 paso a Ready
[INFO] 14:25:10:875 SUSE/(12771:12772): El hilo 1 del programa 5 paso a Execute
[INFO] 14:25:11:575 SUSE/(12771:12772): El hilo 1 del programa 5 paso a Ready
[INFO] 14:25:11:602 SUSE/(12771:12772): El hilo 2 del programa 5 paso a Execute
[INFO] 14:25:12:306 SUSE/(12771:12772): El hilo 2 del programa 5 paso a Ready
[INFO] 14:25:12:321 SUSE/(12771:12772): El hilo 1 del programa 5 paso a Execute
[INFO] 14:25:13:42 SUSE/(12771:12772): El hilo 1 del programa 5 paso a Ready
[INFO] 14:25:13:64 SUSE/(12771:12772): El hilo 2 del programa 5 paso a Execute
[INFO] 14:25:13:777 SUSE/(12771:12772): El hilo 2 del programa 5 paso a Ready
[INFO] 14:25:13:816 SUSE/(12771:12772): El hilo 1 del programa 5 paso a Execute
[INFO] 14:25:14:513 SUSE/(12771:12772): El hilo 1 del programa 5 paso a Ready
[INFO] 14:25:14:529 SUSE/(12771:12772): El hilo 2 del programa 5 paso a Execute
[INFO] 14:25:15:255 SUSE/(12771:12772): El hilo 2 del programa 5 paso a Ready
[INFO] 14:25:15:283 SUSE/(12771:12772): El hilo 1 del programa 5 paso a Execute
[INFO] 14:25:15:998 SUSE/(12771:12772): El hilo 1 del programa 5 paso a Ready
[INFO] 14:25:16:22 SUSE/(12771:12772): El hilo 2 del programa 5 paso a Execute
[INFO] 14:25:16:751 SUSE/(12771:12772): El hilo 2 del programa 5 paso a Ready
[INFO] 14:25:16:775 SUSE/(12771:12772): El hilo 1 del programa 5 paso a Execute
[INFO] 14:25:17:500 SUSE/(12771:12772): El hilo 1 del programa 5 paso a Ready
[INFO] 14:25:17:521 SUSE/(12771:12772): El hilo 2 del programa 5 paso a Execute
[INFO] 14:25:18:249 SUSE/(12771:12772): El hilo 2 del programa 5 paso a Ready
[INFO] 14:25:18:267 SUSE/(12771:12772): El hilo 1 del programa 5 paso a Execute
[INFO] 14:25:18:0 SUSE/(12771:12772): El hilo 1 del programa 5 paso a Ready
[INFO] 14:25:19:25 SUSE/(12771:12772): El hilo 2 del programa 5 paso a Execute
[INFO] 14:25:19:315 SUSE/(12771:12772): El hilo 2 del programa 5 paso a Exit
[INFO] 14:25:19:388 SUSE/(12771:12772): El hilo 0 del programa 5 paso a Ready
[INFO] 14:25:19:401 SUSE/(12771:12772): El hilo 0 del programa 5 paso a Execute
[INFO] 14:25:19:419 SUSE/(12771:12772): El hilo 0 del programa 5 paso a Blocked
[INFO] 14:25:19:460 SUSE/(12771:12772): El hilo 1 del programa 5 paso a Execute
[INFO] 14:25:20:224 SUSE/(12771:12772): El hilo 1 del programa 5 paso a Exit
[INFO] 14:25:20:280 SUSE/(12771:12772): El hilo 0 del programa 5 paso a Ready
[INFO] 14:25:20:295 SUSE/(12771:12772): El hilo 0 del programa 5 paso a Execute
[INFO] 14:25:20:330 SUSE/(12771:12772): El hilo 0 del programa 5 paso a Exit
[INFO] 14:25:20:355 SUSE/(12771:12772): Se desconecto un programa, pid: 5
[INFO] 14:26:52:31 SUSE/(12952:12953): Se levanto un nuevo programa, pid: 5
[INFO] 14:26:52:38 SUSE/(12952:12954): El hilo 0 del programa 5 paso a Execute
[INFO] 14:26:52:42 SUSE/(12952:12953): El hilo 0 del programa 5 paso a New
[INFO] 14:26:52:48 SUSE/(12952:12954): El hilo 1 del programa 5 paso a Ready
[INFO] 14:26:52:50 SUSE/(12952:12953): El hilo 1 del programa 5 paso a New
[INFO] 14:26:52:71 SUSE/(12952:12953): El hilo 0 del programa 5 paso a Blocked
[INFO] 14:26:52:92 SUSE/(12952:12953): El hilo 1 del programa 5 paso a Execute
[INFO] 14:27:03:379 SUSE/(12952:12953): Se desconecto un programa, pid: 5
[INFO] 14:28:22:241 SUSE/(13013:13014): Se levanto un nuevo programa, pid: 5
[INFO] 14:28:22:250 SUSE/(13013:13014): El hilo 0 del programa 5 paso a New
[INFO] 14:28:22:264 SUSE/(13013:13015): El hilo 0 del programa 5 paso a Execute
[INFO] 14:28:22:295 SUSE/(13013:13014): El hilo 1 del programa 5 paso a New
[INFO] 14:28:22:296 SUSE/(13013:13015): El hilo 1 del programa 5 paso a Ready
[INFO] 14:28:22:302 SUSE/(13013:13014): El hilo 0 del programa 5 paso a Blocked
[INFO] 14:28:22:310 SUSE/(13013:13014): El hilo 1 del programa 5 paso a Execute
[INFO] 14:30:53:224 SUSE/(13072:13073): Se levanto un nuevo programa, pid: 5
[INFO] 14:30:53:229 SUSE/(13072:13073): El hilo 0 del programa 5 paso a New
[INFO] 14:30:53:231 SUSE/(13072:13074): El hilo 0 del programa 5 paso a Execute
[INFO] 14:30:53:235 SUSE/(13072:13073): El hilo 1 del programa 5 paso a New
[INFO] 14:30:53:237 SUSE/(13072:13074): El hilo 1 del programa 5 paso a Ready
[INFO] 14:30:53:244 SUSE/(13072:13073): El hilo 2 del programa 5 paso a New
[INFO] 14:30:53:249 SUSE/(13072:13074): El hilo 2 del programa 5 paso a Ready
[INFO] 14:30:53:251 SUSE/(13072:13073): El hilo 0 del programa 5 paso a Blocked
[INFO] 14:30:53:262 SUSE/(13072:13073): El hilo 1 del programa 5 paso a Execute
[INFO] 14:30:53:264 SUSE/(13072:13073): El hilo 1 del programa 5 paso a Ready
[INFO] 14:30:53:268 SUSE/(13072:13073): El hilo 2 del programa 5 paso a Execute
[INFO] 14:30:53:271 SUSE/(13072:13073): El hilo 2 del programa 5 paso a Ready
[INFO] 14:30:53:273 SUSE/(13072:13073): El hilo 1 del programa 5 paso a Execute
[INFO] 14:30:53:282 SUSE/(13072:13073): El hilo 1 del programa 5 paso a Ready
[INFO] 14:30:53:286 SUSE/(13072:13073): El hilo 2 del programa 5 paso a Execute
[INFO] 14:30:53:294 SUSE/(13072:13073): El hilo 2 del programa 5 paso a Ready
[INFO] 14:30:53:301 SUSE/(13072:13073): El hilo 1 del programa 5 paso a Execute
[INFO] 14:30:53:317 SUSE/(13072:13073): El hilo 1 del programa 5 paso a Ready
[INFO] 14:30:53:318 SUSE/(13072:13073): El hilo 2 del programa 5 paso a Execute
[INFO] 14:30:53:340 SUSE/(13072:13073): El hilo 2 del programa 5 paso a Ready
[INFO] 14:30:53:341 SUSE/(13072:13073): El hilo 1 del programa 5 paso a Execute
[INFO] 14:30:53:361 SUSE/(13072:13073): El hilo 1 del programa 5 paso a Ready
[INFO] 14:30:53:367 SUSE/(13072:13073): El hilo 2 del programa 5 paso a Execute
[INFO] 14:30:53:383 SUSE/(13072:13073): El hilo 2 del programa 5 paso a Ready
[INFO] 14:30:53:383 SUSE/(13072:13073): El hilo 1 del programa 5 paso a Execute
[INFO] 14:30:53:414 SUSE/(13072:13073): El hilo 1 del programa 5 paso a Ready
[INFO] 14:30:53:414 SUSE/(13072:13073): El hilo 2 del programa 5 paso a Execute
[INFO] 14:30:53:439 SUSE/(13072:13073): El hilo 2 del programa 5 paso a Ready
[INFO] 14:30:53:439 SUSE/(13072:13073): El hilo 1 del programa 5 paso a Execute
[INFO] 14:30:53:470 SUSE/(13072:13073): El hilo 1 del programa 5 paso a Ready
[INFO] 14:30:53:471 SUSE/(13072:13073): El hilo 2 del programa 5 paso a Execute
[INFO] 14:30:53:499 SUSE/(13072:13073): El hilo 2 del programa 5 paso a Ready
[INFO] 14:30:53:500 SUSE/(13072:13073): El hilo 1 del programa 5 paso a Execute
[INFO] 14:30:53:528 SUSE/(13072:13073): El hilo 1 del programa 5 paso a Ready
[INFO] 14:30:53:528 SUSE/(13072:13073): El hilo 2 del programa 5 paso a Execute
[INFO] 14:30:53:562 SUSE/(13072:13073): El hilo 2 del programa 5 paso a Ready
[INFO] 14:30:53:563 SUSE/(13072:13073): El hilo 1 del programa 5 paso a Execute
[INFO] 14:30:53:594 SUSE/(13072:13073): El hilo 1 del programa 5 paso a Ready
[INFO] 14:30:53:594 SUSE/(13072:13073): El hilo 2 del programa 5 paso a Execute
[INFO] 14:30:53:629 SUSE/(13072:13073): El hilo 2 del programa 5 paso a Ready
[INFO] 14:30:53:630 SUSE/(13072:13073): El hilo 1 del programa 5 paso a Execute
[INFO] 14:30:53:669 SUSE/(13072:13073): El hilo 1 del programa 5 paso a Ready
[INFO] 14:30:53:670 SUSE/(13072:13073): El hilo 2 del programa 5 paso a Execute
[INFO] 14:30:53:708 SUSE/(13072:13073): El hilo 2 del programa 5 paso a Ready
[INFO] 14:30:53:713 SUSE/(13072:13073): El hilo 1 del programa 5 paso a Execute
[INFO] 14:30:53:747 SUSE/(13072:13073): El hilo 1 del programa 5 paso a Ready
[INFO] 14:30:53:747 SUSE/(13072:13073): El hilo 2 del programa 5 paso a Execute
[INFO] 14:30:53:787 SUSE/(13072:13073): El hilo 2 del programa 5 paso a Ready
[INFO] 14:30:53:787 SUSE/(13072:13073): El hilo 1 del programa 5 paso a Execute
[INFO] 14:30:53:829 SUSE/(13072:13073): El hilo 1 del programa 5 paso a Ready
[INFO] 14:30:53:830 SUSE/(13072:13073): El hilo 2 del programa 5 paso a Execute
[INFO] 14:30:53:875 SUSE/(13072:13073): El hilo 2 del programa 5 paso a Ready
[INFO] 14:30:53:875 SUSE/(13072:13073): El hilo 1 del programa 5 paso a Execute
[INFO] 14:30:53:920 SUSE/(13072:13073): El hilo 1 del programa 5 paso a Ready
[INFO] 14:30:53:920 SUSE/(13072:13073): El hilo 2 del programa 5 paso a Execute
[INFO] 14:30:53:968 SUSE/(13072:13073): El hilo 2 del programa 5 paso a Ready
[INFO] 14:30:53:969 SUSE/(13072:13073): El hilo 1 del programa 5 paso a Execute
[INFO] 14:30:54:26 SUSE/(13072:13073): El hilo 1 del programa 5 paso a Ready
[INFO] 14:30:54:27 SUSE/(13072:13073): El hilo 2 del programa 5 paso a Execute
[INFO] 14:30:54:80 SUSE/(13072:13073): El hilo 2 del programa 5 paso a Ready
[INFO] 14:30:54:80 SUSE/(13072:13073): El hilo 1 del programa 5 paso a Execute
[INFO] 14:30:54:143 SUSE/(13072:13073): El hilo 1 del programa 5 paso a Ready
[INFO] 14:30:54:143 SUSE/(13072:13073): El hilo 2 del programa 5 paso a Execute
[INFO] 14:30:54:202 SUSE/(13072:13073): El hilo 2 del programa 5 paso a Ready
[INFO] 14:30:54:203 SUSE/(13072:13073): El hilo 1 del programa 5 paso a Execute
[INFO] 14:30:54:261 SUSE/(13072:13073): El hilo 1 del programa 5 paso a Ready
[INFO] 14:30:54:262 SUSE/(13072:13073): El hilo 2 del programa 5 paso a Execute
[INFO] 14:30:54:326 SUSE/(13072:13073): El hilo 2 del programa 5 paso a Ready
[INFO] 14:30:54:327 SUSE/(13072:13073): El hilo 1 del programa 5 paso a Execute
[INFO] 14:30:54:389 SUSE/(13072:13073): El hilo 1 del programa 5 paso a Ready
[INFO] 14:30:54:390 SUSE/(13072:13073): El hilo 2 del programa 5 paso a Execute
[INFO] 14:30:54:462 SUSE/(13072:13073): El hilo 2 del programa 5 paso a Ready
[INFO] 14:30:54:462 SUSE/(13072:13073): El hilo 1 del programa 5 paso a Execute
[INFO] 14:30:54:527 SUSE/(13072:13073): El hilo 1 del programa 5 paso a Ready
[INFO] 14:30:54:533 SUSE/(13072:13073): El hilo 2 del programa 5 paso a Execute
[INFO] 14:30:54:595 SUSE/(13072:13073): El hilo 2 del programa 5 paso a Ready
[INFO] 14:30:54:596 SUSE/(13072:13073): El hilo 1 del programa 5 paso a Execute
[INFO] 14:30:54:666 SUSE/(13072:13073): El hilo 1 del programa 5 paso a Ready
[INFO] 14:30:54:668 SUSE/(13072:13073): El hilo 2 del programa 5 paso a Execute
[INFO] 14:30:54:742 SUSE/(13072:13073): El hilo 2 del programa 5 paso a Ready
[INFO] 14:30:54:742 SUSE/(13072:13073): El hilo 1 del programa 5 paso a Execute
[INFO] 14:30:54:819 SUSE/(13072:13073): El hilo 1 del programa 5 paso a Ready
[INFO] 14:30:54:819 SUSE/(13072:13073): El hilo 2 del programa 5 paso a Execute
[INFO] 14:30:54:894 SUSE/(13072:13073): El hilo 2 del programa 5 paso a Ready
[INFO] 14:30:54:895 SUSE/(13072:13073): El hilo 1 del programa 5 paso a Execute
[INFO] 14:30:54:972 SUSE/(13072:13073): El hilo 1 del programa 5 paso a Ready
[INFO] 14:30:54:972 SUSE/(13072:13073): El hilo 2 del programa 5 paso a Execute
[INFO] 14:30:55:51 SUSE/(13072:13073): El hilo 2 del programa 5 paso a Ready
[INFO] 14:30:55:53 SUSE/(13072:13073): El hilo 1 del programa 5 paso a Execute
[INFO] 14:30:55:133 SUSE/(13072:13073): El hilo 1 del programa 5 paso a Ready
[INFO] 14:30:55:135 SUSE/(13072:13073): El hilo 2 del programa 5 paso a Execute
[INFO] 14:30:55:216 SUSE/(13072:13073): El hilo 2 del programa 5 paso a Ready
[INFO] 14:30:55:216 SUSE/(13072:13073): El hilo 1 del programa 5 paso a Execute
[INFO] 14:30:55:297 SUSE/(13072:13073): El hilo 1 del programa 5 paso a Ready
[INFO] 14:30:55:300 SUSE/(13072:13073): El hilo 2 del programa 5 paso a Execute
[INFO] 14:30:55:380 SUSE/(13072:13073): El hilo 2 del programa 5 paso a Ready
[INFO] 14:30:55:394 SUSE/(13072:13073): El hilo 1 del programa 5 paso a Execute
[INFO] 14:30:55:472 SUSE/(13072:13073): El hilo 1 del programa 5 paso a Ready
[INFO] 14:30:55:473 SUSE/(13072:13073): El hilo 2 del programa 5 paso a Execute
[INFO] 14:30:55:561 SUSE/(13072:13073): El hilo 2 del programa 5 paso a Ready
[INFO] 14:30:55:562 SUSE/(13072:13073): El hilo 1 del programa 5 paso a Execute
[INFO] 14:30:55:651 SUSE/(13072:13073): El hilo 1 del programa 5 paso a Ready
[INFO] 14:30:55:652 SUSE/(13072:13073): El hilo 2 del programa 5 paso a Execute
[INFO] 14:30:55:741 SUSE/(13072:13073): El hilo 2 del programa 5 paso a Ready
[INFO] 14:30:55:742 SUSE/(13072:13073): El hilo 1 del programa 5 paso a Execute
[INFO] 14:30:55:831 SUSE/(13072:13073): El hilo 1 del programa 5 paso a Ready
[INFO] 14:30:55:834 SUSE/(13072:13073): El hilo 2 del programa 5 paso a Execute
[INFO] 14:30:55:923 SUSE/(13072:13073): El hilo 2 del programa 5 paso a Ready
[INFO] 14:30:55:924 SUSE/(13072:13073): El hilo 1 del programa 5 paso a Execute
[INFO] 14:30:56:23 SUSE/(13072:13073): El hilo 1 del programa 5 paso a Ready
[INFO] 14:30:56:25 SUSE/(13072:13073): El hilo 2 del programa 5 paso a Execute
[INFO] 14:30:56:120 SUSE/(13072:13073): El hilo 2 del programa 5 paso a Ready
[INFO] 14:30:56:122 SUSE/(13072:13073): El hilo 1 del programa 5 paso a Execute
[INFO] 14:30:56:216 SUSE/(13072:13073): El hilo 1 del programa 5 paso a Ready
[INFO] 14:30:56:218 SUSE/(13072:13073): El hilo 2 del programa 5 paso a Execute
[INFO] 14:30:56:312 SUSE/(13072:13073): El hilo 2 del programa 5 paso a Ready
[INFO] 14:30:56:314 SUSE/(13072:13073): El hilo 1 del programa 5 paso a Execute
[INFO] 14:30:56:408 SUSE/(13072:13073): El hilo 1 del programa 5 paso a Ready
[INFO] 14:30:56:413 SUSE/(13072:13073): El hilo 2 del programa 5 paso a Execute
[INFO] 14:30:56:508 SUSE/(13072:13073): El hilo 2 del programa 5 paso a Ready
[INFO] 14:30:56:514 SUSE/(13072:13073): El hilo 1 del programa 5 paso a Execute
[INFO] 14:30:56:608 SUSE/(13072:13073): El hilo 1 del programa 5 paso a Ready
[INFO] 14:30:56:609 SUSE/(13072:13073): El hilo 2 del programa 5 paso a Execute
[INFO] 14:30:56:708 SUSE/(13072:13073): El hilo 2 del programa 5 paso a Ready
[INFO] 14:30:56:714 SUSE/(13072:13073): El hilo 1 del programa 5 paso a Execute
[INFO] 14:30:56:810 SUSE/(13072:13073): El hilo 1 del programa 5 paso a Ready
[INFO] 14:30:56:812 SUSE/(13072:13073): El hilo 2 del programa 5 paso a Execute
[INFO] 14:30:56:917 SUSE/(13072:13073): El hilo 2 del programa 5 paso a Ready
[INFO] 14:30:56:919 SUSE/(13072:13073): El hilo 1 del programa 5 paso a Execute
[INFO] 14:30:57:21 SUSE/(13072:13073): El hilo 1 del programa 5 paso a Ready
[INFO] 14:30:57:23 SUSE/(13072:13073): El hilo 2 del programa 5 paso a Execute
[INFO] 14:30:57:68 SUSE/(13072:13073): Se desconecto un programa, pid: 5
[INFO] 15:08:44:795 SUSE/(13143:13144): Se levanto un nuevo programa, pid: 5
[INFO] 15:08:44:800 SUSE/(13143:13144): El hilo 0 del programa 5 paso a New
[INFO] 15:08:44:803 SUSE/(13143:13145): El hilo 0 del programa 5 paso a Ready
[INFO] 15:08:44:804 SUSE/(13143:13145): El hilo 0 del programa 5 paso a Execute
[INFO] 15:08:44:808 SUSE/(13143:13144): El hilo 1 del programa 5 paso a New
[INFO] 15:08:44:809 SUSE/(13143:13145): El hilo 1 del programa 5 paso a Ready
[INFO] 15:08:44:817 SUSE/(13143:13144): El hilo 0 del programa 5 paso a Blocked
[INFO] 15:08:44:819 SUSE/(13143:13144): El hilo 1 del programa 5 paso a Execute
[INFO] 15:08:46:763 SUSE/(13143:13144): Se desconecto un programa, pid: 5
